The following modules were not unloaded:
  (Use "module --force purge" to unload all):

  1) math   2) devel
The following modules were not unloaded:
  (Use "module --force purge" to unload all):

  1) math   2) devel
WARNING:tensorflow:From atom2vec_semi_supervise_v3_batched_2020_hyperparams.py:427: The name tf.placeholder is deprecated. Please use tf.compat.v1.placeholder instead.

WARNING:tensorflow:From atom2vec_semi_supervise_v3_batched_2020_hyperparams.py:431: The name tf.truncated_normal is deprecated. Please use tf.random.truncated_normal instead.

WARNING:tensorflow:From atom2vec_semi_supervise_v3_batched_2020_hyperparams.py:449: The name tf.InteractiveSession is deprecated. Please use tf.compat.v1.InteractiveSession instead.

2021-09-04 12:26:18.811508: I tensorflow/core/platform/cpu_feature_guard.cc:142] Your CPU supports instructions that this TensorFlow binary was not compiled to use: AVX2 FMA
2021-09-04 12:26:18.820508: I tensorflow/core/platform/profile_utils/cpu_utils.cc:94] CPU Frequency: 2394440000 Hz
2021-09-04 12:26:18.820627: I tensorflow/compiler/xla/service/service.cc:168] XLA service 0x4334780 initialized for platform Host (this does not guarantee that XLA will be used). Devices:
2021-09-04 12:26:18.820656: I tensorflow/compiler/xla/service/service.cc:176]   StreamExecutor device (0): Host, Default Version
WARNING:tensorflow:From atom2vec_semi_supervise_v3_batched_2020_hyperparams.py:427: The name tf.placeholder is deprecated. Please use tf.compat.v1.placeholder instead.

WARNING:tensorflow:From atom2vec_semi_supervise_v3_batched_2020_hyperparams.py:431: The name tf.truncated_normal is deprecated. Please use tf.random.truncated_normal instead.

2021-09-04 12:26:18.870484: W tensorflow/stream_executor/platform/default/dso_loader.cc:55] Could not load dynamic library 'libcuda.so.1'; dlerror: libcuda.so.1: cannot open shared object file: No such file or directory; LD_LIBRARY_PATH: /share/software/user/open/python/3.6.1/lib:/share/software/user/open/sqlite/3.18.0/lib:/share/software/user/open/tcltk/8.6.6/lib:/share/software/user/open/libressl/2.5.3/lib:/share/software/user/open/xz/5.2.3/lib:/share/software/user/open/zlib/1.2.11/lib:/home/vossj/suncat/lib:/home/vossj/suncat/lib64::
2021-09-04 12:26:18.870528: E tensorflow/stream_executor/cuda/cuda_driver.cc:318] failed call to cuInit: UNKNOWN ERROR (303)
2021-09-04 12:26:18.870558: I tensorflow/stream_executor/cuda/cuda_diagnostics.cc:156] kernel driver does not appear to be running on this host (sh02-04n37.int): /proc/driver/nvidia/version does not exist
WARNING:tensorflow:From /home/users/eantoniu/.local/lib/python3.6/site-packages/tensorflow_core/python/util/tf_should_use.py:198: initialize_all_variables (from tensorflow.python.ops.variables) is deprecated and will be removed after 2017-03-02.
Instructions for updating:
Use `tf.global_variables_initializer` instead.
WARNING:tensorflow:From atom2vec_semi_supervise_v3_batched_2020_hyperparams.py:449: The name tf.InteractiveSession is deprecated. Please use tf.compat.v1.InteractiveSession instead.

2021-09-04 12:26:18.900423: I tensorflow/core/platform/cpu_feature_guard.cc:142] Your CPU supports instructions that this TensorFlow binary was not compiled to use: AVX2 FMA
WARNING:tensorflow:From atom2vec_semi_supervise_v3_batched_2020_hyperparams.py:469: The name tf.log is deprecated. Please use tf.math.log instead.

2021-09-04 12:26:18.908459: I tensorflow/core/platform/profile_utils/cpu_utils.cc:94] CPU Frequency: 2394440000 Hz
2021-09-04 12:26:18.908586: I tensorflow/compiler/xla/service/service.cc:168] XLA service 0x41f3e40 initialized for platform Host (this does not guarantee that XLA will be used). Devices:
2021-09-04 12:26:18.908616: I tensorflow/compiler/xla/service/service.cc:176]   StreamExecutor device (0): Host, Default Version
2021-09-04 12:26:18.910780: W tensorflow/stream_executor/platform/default/dso_loader.cc:55] Could not load dynamic library 'libcuda.so.1'; dlerror: libcuda.so.1: cannot open shared object file: No such file or directory; LD_LIBRARY_PATH: /share/software/user/open/python/3.6.1/lib:/share/software/user/open/sqlite/3.18.0/lib:/share/software/user/open/tcltk/8.6.6/lib:/share/software/user/open/libressl/2.5.3/lib:/share/software/user/open/xz/5.2.3/lib:/share/software/user/open/zlib/1.2.11/lib:/home/vossj/suncat/lib:/home/vossj/suncat/lib64::
2021-09-04 12:26:18.910841: E tensorflow/stream_executor/cuda/cuda_driver.cc:318] failed call to cuInit: UNKNOWN ERROR (303)
2021-09-04 12:26:18.910874: I tensorflow/stream_executor/cuda/cuda_diagnostics.cc:156] kernel driver does not appear to be running on this host (sh02-04n37.int): /proc/driver/nvidia/version does not exist
WARNING:tensorflow:From /home/users/eantoniu/.local/lib/python3.6/site-packages/tensorflow_core/python/util/tf_should_use.py:198: initialize_all_variables (from tensorflow.python.ops.variables) is deprecated and will be removed after 2017-03-02.
Instructions for updating:
Use `tf.global_variables_initializer` instead.
WARNING:tensorflow:From atom2vec_semi_supervise_v3_batched_2020_hyperparams.py:489: The name tf.train.AdamOptimizer is deprecated. Please use tf.compat.v1.train.AdamOptimizer instead.

WARNING:tensorflow:From atom2vec_semi_supervise_v3_batched_2020_hyperparams.py:469: The name tf.log is deprecated. Please use tf.math.log instead.

WARNING:tensorflow:From /home/users/eantoniu/.local/lib/python3.6/site-packages/tensorflow_core/python/ops/math_grad.py:1424: where (from tensorflow.python.ops.array_ops) is deprecated and will be removed in a future version.
Instructions for updating:
Use tf.where in 2.0, which has the same broadcast rule as np.where
WARNING:tensorflow:From atom2vec_semi_supervise_v3_batched_2020_hyperparams.py:489: The name tf.train.AdamOptimizer is deprecated. Please use tf.compat.v1.train.AdamOptimizer instead.

WARNING:tensorflow:From /home/users/eantoniu/.local/lib/python3.6/site-packages/tensorflow_core/python/ops/math_grad.py:1424: where (from tensorflow.python.ops.array_ops) is deprecated and will be removed in a future version.
Instructions for updating:
Use tf.where in 2.0, which has the same broadcast rule as np.where
slurmstepd: error: *** JOB 32794160 ON sh02-10n30 CANCELLED AT 2021-09-05T18:12:39 DUE TO TIME LIMIT ***
slurmstepd: error: *** JOB 32794155 ON sh02-16n14 CANCELLED AT 2021-09-05T18:12:39 DUE TO TIME LIMIT ***
slurmstepd: error: *** JOB 32794161 ON sh02-10n30 CANCELLED AT 2021-09-05T18:12:39 DUE TO TIME LIMIT ***
slurmstepd: error: *** JOB 32794063 ON sh02-02n67 CANCELLED AT 2021-09-05T18:24:17 DUE TO TIME LIMIT ***
slurmstepd: error: *** JOB 32794055 ON sh02-05n08 CANCELLED AT 2021-09-05T18:24:17 DUE TO TIME LIMIT ***
slurmstepd: error: *** JOB 32794067 ON sh02-02n46 CANCELLED AT 2021-09-05T18:24:17 DUE TO TIME LIMIT ***
slurmstepd: error: *** JOB 32794065 ON sh02-02n48 CANCELLED AT 2021-09-05T18:24:17 DUE TO TIME LIMIT ***
slurmstepd: error: *** JOB 32794132 ON sh02-02n44 CANCELLED AT 2021-09-05T18:24:17 DUE TO TIME LIMIT ***
slurmstepd: error: *** JOB 32794062 ON sh02-02n69 CANCELLED AT 2021-09-05T18:24:17 DUE TO TIME LIMIT ***
slurmstepd: error: *** JOB 32794064 ON sh02-02n53 CANCELLED AT 2021-09-05T18:24:17 DUE TO TIME LIMIT ***
slurmstepd: error: *** JOB 32794066 ON sh02-02n46 CANCELLED AT 2021-09-05T18:24:17 DUE TO TIME LIMIT ***
slurmstepd: error: *** JOB 32794131 ON sh02-02n46 CANCELLED AT 2021-09-05T18:24:17 DUE TO TIME LIMIT ***
slurmstepd: error: *** JOB 32794068 ON sh02-02n46 CANCELLED AT 2021-09-05T18:24:17 DUE TO TIME LIMIT ***
slurmstepd: error: *** JOB 32794151 ON sh02-02n49 CANCELLED AT 2021-09-05T18:35:37 DUE TO TIME LIMIT ***
slurmstepd: error: *** JOB 32794153 ON sh02-02n53 CANCELLED AT 2021-09-05T18:35:37 DUE TO TIME LIMIT ***
slurmstepd: error: *** JOB 32794141 ON sh02-02n56 CANCELLED AT 2021-09-05T18:35:37 DUE TO TIME LIMIT ***
slurmstepd: error: *** JOB 32794157 ON sh02-17n32 CANCELLED AT 2021-09-06T12:25:13 DUE TO TIME LIMIT ***
slurmstepd: error: *** JOB 32794156 ON sh02-01n70 CANCELLED AT 2021-09-06T12:25:13 DUE TO TIME LIMIT ***
slurmstepd: error: *** JOB 32794158 ON sh02-04n37 CANCELLED AT 2021-09-06T12:26:13 DUE TO TIME LIMIT ***
slurmstepd: error: *** JOB 32794159 ON sh02-04n37 CANCELLED AT 2021-09-06T12:26:13 DUE TO TIME LIMIT ***
