The following modules were not unloaded:
  (Use "module --force purge" to unload all):

  1) math   2) devel
WARNING:tensorflow:From atom2vec_semi_supervise_v3_batched_2020_hyperparams.py:427: The name tf.placeholder is deprecated. Please use tf.compat.v1.placeholder instead.

WARNING:tensorflow:From atom2vec_semi_supervise_v3_batched_2020_hyperparams.py:431: The name tf.truncated_normal is deprecated. Please use tf.random.truncated_normal instead.

WARNING:tensorflow:From atom2vec_semi_supervise_v3_batched_2020_hyperparams.py:449: The name tf.InteractiveSession is deprecated. Please use tf.compat.v1.InteractiveSession instead.

2021-08-20 13:17:10.496353: I tensorflow/core/platform/cpu_feature_guard.cc:142] Your CPU supports instructions that this TensorFlow binary was not compiled to use: AVX2 AVX512F FMA
2021-08-20 13:17:10.503975: I tensorflow/core/platform/profile_utils/cpu_utils.cc:94] CPU Frequency: 2300000000 Hz
2021-08-20 13:17:10.504146: I tensorflow/compiler/xla/service/service.cc:168] XLA service 0x4067920 initialized for platform Host (this does not guarantee that XLA will be used). Devices:
2021-08-20 13:17:10.504179: I tensorflow/compiler/xla/service/service.cc:176]   StreamExecutor device (0): Host, Default Version
2021-08-20 13:17:10.506581: W tensorflow/stream_executor/platform/default/dso_loader.cc:55] Could not load dynamic library 'libcuda.so.1'; dlerror: libcuda.so.1: cannot open shared object file: No such file or directory; LD_LIBRARY_PATH: /share/software/user/open/python/3.6.1/lib:/share/software/user/open/sqlite/3.18.0/lib:/share/software/user/open/tcltk/8.6.6/lib:/share/software/user/open/libressl/2.5.3/lib:/share/software/user/open/xz/5.2.3/lib:/share/software/user/open/zlib/1.2.11/lib:/home/vossj/suncat/lib:/home/vossj/suncat/lib64::
2021-08-20 13:17:10.506639: E tensorflow/stream_executor/cuda/cuda_driver.cc:318] failed call to cuInit: UNKNOWN ERROR (303)
2021-08-20 13:17:10.506675: I tensorflow/stream_executor/cuda/cuda_diagnostics.cc:156] kernel driver does not appear to be running on this host (sh02-09n65.int): /proc/driver/nvidia/version does not exist
WARNING:tensorflow:From /home/users/eantoniu/.local/lib/python3.6/site-packages/tensorflow_core/python/util/tf_should_use.py:198: initialize_all_variables (from tensorflow.python.ops.variables) is deprecated and will be removed after 2017-03-02.
Instructions for updating:
Use `tf.global_variables_initializer` instead.
WARNING:tensorflow:From atom2vec_semi_supervise_v3_batched_2020_hyperparams.py:469: The name tf.log is deprecated. Please use tf.math.log instead.

WARNING:tensorflow:From atom2vec_semi_supervise_v3_batched_2020_hyperparams.py:489: The name tf.train.AdamOptimizer is deprecated. Please use tf.compat.v1.train.AdamOptimizer instead.

WARNING:tensorflow:From /home/users/eantoniu/.local/lib/python3.6/site-packages/tensorflow_core/python/ops/math_grad.py:1424: where (from tensorflow.python.ops.array_ops) is deprecated and will be removed in a future version.
Instructions for updating:
Use tf.where in 2.0, which has the same broadcast rule as np.where
slurmstepd: error: *** JOB 31991678 ON sh02-17n14 CANCELLED AT 2021-08-21T20:56:02 DUE TO TIME LIMIT ***
slurmstepd: error: *** JOB 31991679 ON sh02-17n13 CANCELLED AT 2021-08-21T20:56:02 DUE TO TIME LIMIT ***
slurmstepd: error: *** JOB 31991674 ON sh02-05n16 CANCELLED AT 2021-08-22T10:12:11 DUE TO TIME LIMIT ***
slurmstepd: error: *** JOB 31991663 ON sh01-18n27 CANCELLED AT 2021-08-22T10:12:11 DUE TO TIME LIMIT ***
slurmstepd: error: *** JOB 31991677 ON sh02-05n12 CANCELLED AT 2021-08-22T10:12:11 DUE TO TIME LIMIT ***
slurmstepd: error: *** JOB 31991665 ON sh02-05n06 CANCELLED AT 2021-08-22T11:41:05 DUE TO TIME LIMIT ***
slurmstepd: error: *** JOB 31991662 ON sh02-05n10 CANCELLED AT 2021-08-22T11:41:05 DUE TO TIME LIMIT ***
slurmstepd: error: *** JOB 31991670 ON sh02-02n71 CANCELLED AT 2021-08-22T11:41:05 DUE TO TIME LIMIT ***
slurmstepd: error: *** JOB 31991676 ON sh02-05n06 CANCELLED AT 2021-08-22T11:41:05 DUE TO TIME LIMIT ***
slurmstepd: error: *** JOB 31991666 ON sh01-18n25 CANCELLED AT 2021-08-22T11:43:36 DUE TO TIME LIMIT ***
slurmstepd: error: *** JOB 31991660 ON sh01-18n25 CANCELLED AT 2021-08-22T11:43:36 DUE TO TIME LIMIT ***
slurmstepd: error: *** JOB 31991661 ON sh01-18n25 CANCELLED AT 2021-08-22T11:43:36 DUE TO TIME LIMIT ***
slurmstepd: error: *** JOB 31991671 ON sh02-05n09 CANCELLED AT 2021-08-22T11:43:36 DUE TO TIME LIMIT ***
slurmstepd: error: *** JOB 31991668 ON sh02-05n10 CANCELLED AT 2021-08-22T11:43:36 DUE TO TIME LIMIT ***
slurmstepd: error: *** JOB 31991669 ON sh02-05n09 CANCELLED AT 2021-08-22T11:43:36 DUE TO TIME LIMIT ***
slurmstepd: error: *** JOB 31991675 ON sh02-05n09 CANCELLED AT 2021-08-22T11:43:36 DUE TO TIME LIMIT ***
slurmstepd: error: *** JOB 31991664 ON sh02-16n16 CANCELLED AT 2021-08-22T13:11:15 DUE TO TIME LIMIT ***
slurmstepd: error: *** JOB 31991667 ON sh02-10n23 CANCELLED AT 2021-08-22T13:11:15 DUE TO TIME LIMIT ***
slurmstepd: error: *** JOB 31991673 ON sh02-10n40 CANCELLED AT 2021-08-22T13:11:15 DUE TO TIME LIMIT ***
slurmstepd: error: *** JOB 31991672 ON sh02-09n65 CANCELLED AT 2021-08-22T13:17:06 DUE TO TIME LIMIT ***
