The following modules were not unloaded:
  (Use "module --force purge" to unload all):

  1) math   2) devel
WARNING:tensorflow:From atom2vec_semi_supervise_v3_batched_2020_hyperparams.py:427: The name tf.placeholder is deprecated. Please use tf.compat.v1.placeholder instead.

WARNING:tensorflow:From atom2vec_semi_supervise_v3_batched_2020_hyperparams.py:431: The name tf.truncated_normal is deprecated. Please use tf.random.truncated_normal instead.

WARNING:tensorflow:From atom2vec_semi_supervise_v3_batched_2020_hyperparams.py:449: The name tf.InteractiveSession is deprecated. Please use tf.compat.v1.InteractiveSession instead.

2021-09-04 23:38:17.738300: I tensorflow/core/platform/cpu_feature_guard.cc:142] Your CPU supports instructions that this TensorFlow binary was not compiled to use: AVX2 FMA
2021-09-04 23:38:17.746212: I tensorflow/core/platform/profile_utils/cpu_utils.cc:94] CPU Frequency: 2394420000 Hz
2021-09-04 23:38:17.746385: I tensorflow/compiler/xla/service/service.cc:168] XLA service 0x5521960 initialized for platform Host (this does not guarantee that XLA will be used). Devices:
2021-09-04 23:38:17.746413: I tensorflow/compiler/xla/service/service.cc:176]   StreamExecutor device (0): Host, Default Version
2021-09-04 23:38:17.749035: W tensorflow/stream_executor/platform/default/dso_loader.cc:55] Could not load dynamic library 'libcuda.so.1'; dlerror: libcuda.so.1: cannot open shared object file: No such file or directory; LD_LIBRARY_PATH: /share/software/user/open/python/3.6.1/lib:/share/software/user/open/sqlite/3.18.0/lib:/share/software/user/open/tcltk/8.6.6/lib:/share/software/user/open/libressl/2.5.3/lib:/share/software/user/open/xz/5.2.3/lib:/share/software/user/open/zlib/1.2.11/lib:/home/vossj/suncat/lib:/home/vossj/suncat/lib64::
2021-09-04 23:38:17.749080: E tensorflow/stream_executor/cuda/cuda_driver.cc:318] failed call to cuInit: UNKNOWN ERROR (303)
2021-09-04 23:38:17.749113: I tensorflow/stream_executor/cuda/cuda_diagnostics.cc:156] kernel driver does not appear to be running on this host (sh02-02n65.int): /proc/driver/nvidia/version does not exist
WARNING:tensorflow:From /home/users/eantoniu/.local/lib/python3.6/site-packages/tensorflow_core/python/util/tf_should_use.py:198: initialize_all_variables (from tensorflow.python.ops.variables) is deprecated and will be removed after 2017-03-02.
Instructions for updating:
Use `tf.global_variables_initializer` instead.
WARNING:tensorflow:From atom2vec_semi_supervise_v3_batched_2020_hyperparams.py:469: The name tf.log is deprecated. Please use tf.math.log instead.

WARNING:tensorflow:From atom2vec_semi_supervise_v3_batched_2020_hyperparams.py:489: The name tf.train.AdamOptimizer is deprecated. Please use tf.compat.v1.train.AdamOptimizer instead.

WARNING:tensorflow:From /home/users/eantoniu/.local/lib/python3.6/site-packages/tensorflow_core/python/ops/math_grad.py:1424: where (from tensorflow.python.ops.array_ops) is deprecated and will be removed in a future version.
Instructions for updating:
Use tf.where in 2.0, which has the same broadcast rule as np.where
slurmstepd: error: *** JOB 32793243 ON sh02-05n11 CANCELLED AT 2021-09-05T17:37:10 DUE TO TIME LIMIT ***
slurmstepd: error: *** JOB 32793247 ON sh02-05n09 CANCELLED AT 2021-09-05T17:37:10 DUE TO TIME LIMIT ***
slurmstepd: error: *** JOB 32793232 ON sh02-02n63 CANCELLED AT 2021-09-05T18:35:37 DUE TO TIME LIMIT ***
slurmstepd: error: *** JOB 32793235 ON sh02-02n63 CANCELLED AT 2021-09-05T18:35:37 DUE TO TIME LIMIT ***
slurmstepd: error: *** JOB 32793237 ON sh02-02n62 CANCELLED AT 2021-09-05T18:35:37 DUE TO TIME LIMIT ***
slurmstepd: error: *** JOB 32793230 ON sh02-02n66 CANCELLED AT 2021-09-05T18:35:37 DUE TO TIME LIMIT ***
slurmstepd: error: *** JOB 32793234 ON sh02-02n63 CANCELLED AT 2021-09-05T18:35:37 DUE TO TIME LIMIT ***
slurmstepd: error: *** JOB 32793240 ON sh02-02n60 CANCELLED AT 2021-09-05T18:35:37 DUE TO TIME LIMIT ***
slurmstepd: error: *** JOB 32793236 ON sh02-02n62 CANCELLED AT 2021-09-05T18:35:37 DUE TO TIME LIMIT ***
slurmstepd: error: *** JOB 32793231 ON sh02-02n66 CANCELLED AT 2021-09-05T18:35:37 DUE TO TIME LIMIT ***
slurmstepd: error: *** JOB 32793233 ON sh02-02n63 CANCELLED AT 2021-09-05T18:35:37 DUE TO TIME LIMIT ***
slurmstepd: error: *** JOB 32793242 ON sh02-02n60 CANCELLED AT 2021-09-05T18:35:37 DUE TO TIME LIMIT ***
slurmstepd: error: *** JOB 32793238 ON sh02-02n62 CANCELLED AT 2021-09-05T18:35:37 DUE TO TIME LIMIT ***
slurmstepd: error: *** JOB 32793241 ON sh02-02n60 CANCELLED AT 2021-09-05T18:35:37 DUE TO TIME LIMIT ***
slurmstepd: error: *** JOB 32793239 ON sh02-02n62 CANCELLED AT 2021-09-05T18:35:37 DUE TO TIME LIMIT ***
slurmstepd: error: *** JOB 32793227 ON sh02-05n11 CANCELLED AT 2021-09-06T14:04:43 DUE TO TIME LIMIT ***
slurmstepd: error: *** JOB 32793223 ON sh02-05n10 CANCELLED AT 2021-09-06T14:04:43 DUE TO TIME LIMIT ***
slurmstepd: error: *** JOB 32793225 ON sh02-05n11 CANCELLED AT 2021-09-06T14:04:43 DUE TO TIME LIMIT ***
slurmstepd: error: *** JOB 32793226 ON sh02-04n37 CANCELLED AT 2021-09-06T23:33:08 DUE TO TIME LIMIT ***
slurmstepd: error: *** JOB 32793229 ON sh02-02n65 CANCELLED AT 2021-09-06T23:38:21 DUE TO TIME LIMIT ***
