

  1) math   2) devel  1) math   2) devel  1) math   2) devel



The following modules were not unloaded:
  (Use "module --force purge" to unload all):

  1) math   2) devel
The following modules were not unloaded:
  (Use "module --force purge" to unload all):

  1) math   2) devel
The following modules were not unloaded:
  (Use "module --force purge" to unload all):

  1) math   2) devel
The following modules were not unloaded:
  (Use "module --force purge" to unload all):

  1) math   2) devel
The following modules were not unloaded:
  (Use "module --force purge" to unload all):

  1) math   2) devel
The following modules were not unloaded:
  (Use "module --force purge" to unload all):

  1) math   2) devel
The following modules were not unloaded:
  (Use "module --force purge" to unload all):

  1) math   2) devel
The following modules were not unloaded:
  (Use "module --force purge" to unload all):

  1) math   2) devel
The following modules were not unloaded:
  (Use "module --force purge" to unload all):

  1) math   2) devel
WARNING:tensorflow:From atom2vec_semi_supervise_v3_batched_2020_hyperparams.py:427: The name tf.placeholder is deprecated. Please use tf.compat.v1.placeholder instead.

WARNING:tensorflow:From atom2vec_semi_supervise_v3_batched_2020_hyperparams.py:431: The name tf.truncated_normal is deprecated. Please use tf.random.truncated_normal instead.

WARNING:tensorflow:From atom2vec_semi_supervise_v3_batched_2020_hyperparams.py:449: The name tf.InteractiveSession is deprecated. Please use tf.compat.v1.InteractiveSession instead.

2021-08-19 20:30:38.957992: I tensorflow/core/platform/cpu_feature_guard.cc:142] Your CPU supports instructions that this TensorFlow binary was not compiled to use: AVX2 FMA
2021-08-19 20:30:38.964665: I tensorflow/core/platform/profile_utils/cpu_utils.cc:94] CPU Frequency: 2600085000 Hz
2021-08-19 20:30:38.964864: I tensorflow/compiler/xla/service/service.cc:168] XLA service 0x478f030 initialized for platform Host (this does not guarantee that XLA will be used). Devices:
2021-08-19 20:30:38.964905: I tensorflow/compiler/xla/service/service.cc:176]   StreamExecutor device (0): Host, Default Version
2021-08-19 20:30:38.967004: W tensorflow/stream_executor/platform/default/dso_loader.cc:55] Could not load dynamic library 'libcuda.so.1'; dlerror: libcuda.so.1: cannot open shared object file: No such file or directory; LD_LIBRARY_PATH: /share/software/user/open/python/3.6.1/lib:/share/software/user/open/sqlite/3.18.0/lib:/share/software/user/open/tcltk/8.6.6/lib:/share/software/user/open/libressl/2.5.3/lib:/share/software/user/open/xz/5.2.3/lib:/share/software/user/open/zlib/1.2.11/lib:/home/vossj/suncat/lib:/home/vossj/suncat/lib64::
2021-08-19 20:30:38.967059: E tensorflow/stream_executor/cuda/cuda_driver.cc:318] failed call to cuInit: UNKNOWN ERROR (303)
2021-08-19 20:30:38.967101: I tensorflow/stream_executor/cuda/cuda_diagnostics.cc:156] kernel driver does not appear to be running on this host (sh01-27n22.int): /proc/driver/nvidia/version does not exist
WARNING:tensorflow:From /home/users/eantoniu/.local/lib/python3.6/site-packages/tensorflow_core/python/util/tf_should_use.py:198: initialize_all_variables (from tensorflow.python.ops.variables) is deprecated and will be removed after 2017-03-02.
Instructions for updating:
Use `tf.global_variables_initializer` instead.
WARNING:tensorflow:From atom2vec_semi_supervise_v3_batched_2020_hyperparams.py:469: The name tf.log is deprecated. Please use tf.math.log instead.

WARNING:tensorflow:From atom2vec_semi_supervise_v3_batched_2020_hyperparams.py:489: The name tf.train.AdamOptimizer is deprecated. Please use tf.compat.v1.train.AdamOptimizer instead.

WARNING:tensorflow:From /home/users/eantoniu/.local/lib/python3.6/site-packages/tensorflow_core/python/ops/math_grad.py:1424: where (from tensorflow.python.ops.array_ops) is deprecated and will be removed in a future version.
Instructions for updating:
Use tf.where in 2.0, which has the same broadcast rule as np.where
WARNING:tensorflow:From atom2vec_semi_supervise_v3_batched_2020_hyperparams.py:427: The name tf.placeholder is deprecated. Please use tf.compat.v1.placeholder instead.

WARNING:tensorflow:From atom2vec_semi_supervise_v3_batched_2020_hyperparams.py:431: The name tf.truncated_normal is deprecated. Please use tf.random.truncated_normal instead.

WARNING:tensorflow:From atom2vec_semi_supervise_v3_batched_2020_hyperparams.py:427: The name tf.placeholder is deprecated. Please use tf.compat.v1.placeholder instead.

WARNING:tensorflow:From atom2vec_semi_supervise_v3_batched_2020_hyperparams.py:431: The name tf.truncated_normal is deprecated. Please use tf.random.truncated_normal instead.

WARNING:tensorflow:From atom2vec_semi_supervise_v3_batched_2020_hyperparams.py:449: The name tf.InteractiveSession is deprecated. Please use tf.compat.v1.InteractiveSession instead.

2021-08-19 20:30:43.072802: I tensorflow/core/platform/cpu_feature_guard.cc:142] Your CPU supports instructions that this TensorFlow binary was not compiled to use: AVX2 FMA
2021-08-19 20:30:43.081931: I tensorflow/core/platform/profile_utils/cpu_utils.cc:94] CPU Frequency: 2394405000 Hz
2021-08-19 20:30:43.082091: I tensorflow/compiler/xla/service/service.cc:168] XLA service 0x52ee3e0 initialized for platform Host (this does not guarantee that XLA will be used). Devices:
2021-08-19 20:30:43.082133: I tensorflow/compiler/xla/service/service.cc:176]   StreamExecutor device (0): Host, Default Version
WARNING:tensorflow:From atom2vec_semi_supervise_v3_batched_2020_hyperparams.py:449: The name tf.InteractiveSession is deprecated. Please use tf.compat.v1.InteractiveSession instead.

2021-08-19 20:30:43.093680: I tensorflow/core/platform/cpu_feature_guard.cc:142] Your CPU supports instructions that this TensorFlow binary was not compiled to use: AVX2 FMA
2021-08-19 20:30:43.101374: I tensorflow/core/platform/profile_utils/cpu_utils.cc:94] CPU Frequency: 2394405000 Hz
2021-08-19 20:30:43.101521: I tensorflow/compiler/xla/service/service.cc:168] XLA service 0x4078910 initialized for platform Host (this does not guarantee that XLA will be used). Devices:
2021-08-19 20:30:43.101570: I tensorflow/compiler/xla/service/service.cc:176]   StreamExecutor device (0): Host, Default Version
2021-08-19 20:30:43.134444: W tensorflow/stream_executor/platform/default/dso_loader.cc:55] Could not load dynamic library 'libcuda.so.1'; dlerror: libcuda.so.1: cannot open shared object file: No such file or directory; LD_LIBRARY_PATH: /share/software/user/open/python/3.6.1/lib:/share/software/user/open/sqlite/3.18.0/lib:/share/software/user/open/tcltk/8.6.6/lib:/share/software/user/open/libressl/2.5.3/lib:/share/software/user/open/xz/5.2.3/lib:/share/software/user/open/zlib/1.2.11/lib:/home/vossj/suncat/lib:/home/vossj/suncat/lib64::
2021-08-19 20:30:43.134447: W tensorflow/stream_executor/platform/default/dso_loader.cc:55] Could not load dynamic library 'libcuda.so.1'; dlerror: libcuda.so.1: cannot open shared object file: No such file or directory; LD_LIBRARY_PATH: /share/software/user/open/python/3.6.1/lib:/share/software/user/open/sqlite/3.18.0/lib:/share/software/user/open/tcltk/8.6.6/lib:/share/software/user/open/libressl/2.5.3/lib:/share/software/user/open/xz/5.2.3/lib:/share/software/user/open/zlib/1.2.11/lib:/home/vossj/suncat/lib:/home/vossj/suncat/lib64::
2021-08-19 20:30:43.134585: E tensorflow/stream_executor/cuda/cuda_driver.cc:318] failed call to cuInit: UNKNOWN ERROR (303)
2021-08-19 20:30:43.134668: E tensorflow/stream_executor/cuda/cuda_driver.cc:318] failed call to cuInit: UNKNOWN ERROR (303)
2021-08-19 20:30:43.134724: I tensorflow/stream_executor/cuda/cuda_diagnostics.cc:156] kernel driver does not appear to be running on this host (sh02-02n62.int): /proc/driver/nvidia/version does not exist
2021-08-19 20:30:43.134770: I tensorflow/stream_executor/cuda/cuda_diagnostics.cc:156] kernel driver does not appear to be running on this host (sh02-02n62.int): /proc/driver/nvidia/version does not exist
WARNING:tensorflow:From /home/users/eantoniu/.local/lib/python3.6/site-packages/tensorflow_core/python/util/tf_should_use.py:198: initialize_all_variables (from tensorflow.python.ops.variables) is deprecated and will be removed after 2017-03-02.
Instructions for updating:
Use `tf.global_variables_initializer` instead.
WARNING:tensorflow:From /home/users/eantoniu/.local/lib/python3.6/site-packages/tensorflow_core/python/util/tf_should_use.py:198: initialize_all_variables (from tensorflow.python.ops.variables) is deprecated and will be removed after 2017-03-02.
Instructions for updating:
Use `tf.global_variables_initializer` instead.
WARNING:tensorflow:From atom2vec_semi_supervise_v3_batched_2020_hyperparams.py:469: The name tf.log is deprecated. Please use tf.math.log instead.

WARNING:tensorflow:From atom2vec_semi_supervise_v3_batched_2020_hyperparams.py:469: The name tf.log is deprecated. Please use tf.math.log instead.

WARNING:tensorflow:From atom2vec_semi_supervise_v3_batched_2020_hyperparams.py:489: The name tf.train.AdamOptimizer is deprecated. Please use tf.compat.v1.train.AdamOptimizer instead.

WARNING:tensorflow:From atom2vec_semi_supervise_v3_batched_2020_hyperparams.py:489: The name tf.train.AdamOptimizer is deprecated. Please use tf.compat.v1.train.AdamOptimizer instead.

WARNING:tensorflow:From /home/users/eantoniu/.local/lib/python3.6/site-packages/tensorflow_core/python/ops/math_grad.py:1424: where (from tensorflow.python.ops.array_ops) is deprecated and will be removed in a future version.
Instructions for updating:
Use tf.where in 2.0, which has the same broadcast rule as np.where
WARNING:tensorflow:From /home/users/eantoniu/.local/lib/python3.6/site-packages/tensorflow_core/python/ops/math_grad.py:1424: where (from tensorflow.python.ops.array_ops) is deprecated and will be removed in a future version.
Instructions for updating:
Use tf.where in 2.0, which has the same broadcast rule as np.where
WARNING:tensorflow:From atom2vec_semi_supervise_v3_batched_2020_hyperparams.py:427: The name tf.placeholder is deprecated. Please use tf.compat.v1.placeholder instead.

WARNING:tensorflow:From atom2vec_semi_supervise_v3_batched_2020_hyperparams.py:431: The name tf.truncated_normal is deprecated. Please use tf.random.truncated_normal instead.

WARNING:tensorflow:From atom2vec_semi_supervise_v3_batched_2020_hyperparams.py:449: The name tf.InteractiveSession is deprecated. Please use tf.compat.v1.InteractiveSession instead.

2021-08-19 20:30:43.540183: I tensorflow/core/platform/cpu_feature_guard.cc:142] Your CPU supports instructions that this TensorFlow binary was not compiled to use: AVX2 FMA
2021-08-19 20:30:43.552067: I tensorflow/core/platform/profile_utils/cpu_utils.cc:94] CPU Frequency: 2394435000 Hz
2021-08-19 20:30:43.552367: I tensorflow/compiler/xla/service/service.cc:168] XLA service 0x54e5150 initialized for platform Host (this does not guarantee that XLA will be used). Devices:
2021-08-19 20:30:43.552441: I tensorflow/compiler/xla/service/service.cc:176]   StreamExecutor device (0): Host, Default Version
2021-08-19 20:30:43.601684: W tensorflow/stream_executor/platform/default/dso_loader.cc:55] Could not load dynamic library 'libcuda.so.1'; dlerror: libcuda.so.1: cannot open shared object file: No such file or directory; LD_LIBRARY_PATH: /share/software/user/open/python/3.6.1/lib:/share/software/user/open/sqlite/3.18.0/lib:/share/software/user/open/tcltk/8.6.6/lib:/share/software/user/open/libressl/2.5.3/lib:/share/software/user/open/xz/5.2.3/lib:/share/software/user/open/zlib/1.2.11/lib:/home/vossj/suncat/lib:/home/vossj/suncat/lib64::
2021-08-19 20:30:43.601816: E tensorflow/stream_executor/cuda/cuda_driver.cc:318] failed call to cuInit: UNKNOWN ERROR (303)
2021-08-19 20:30:43.601875: I tensorflow/stream_executor/cuda/cuda_diagnostics.cc:156] kernel driver does not appear to be running on this host (sh02-02n70.int): /proc/driver/nvidia/version does not exist
WARNING:tensorflow:From /home/users/eantoniu/.local/lib/python3.6/site-packages/tensorflow_core/python/util/tf_should_use.py:198: initialize_all_variables (from tensorflow.python.ops.variables) is deprecated and will be removed after 2017-03-02.
Instructions for updating:
Use `tf.global_variables_initializer` instead.
WARNING:tensorflow:From atom2vec_semi_supervise_v3_batched_2020_hyperparams.py:469: The name tf.log is deprecated. Please use tf.math.log instead.

WARNING:tensorflow:From atom2vec_semi_supervise_v3_batched_2020_hyperparams.py:489: The name tf.train.AdamOptimizer is deprecated. Please use tf.compat.v1.train.AdamOptimizer instead.

WARNING:tensorflow:From /home/users/eantoniu/.local/lib/python3.6/site-packages/tensorflow_core/python/ops/math_grad.py:1424: where (from tensorflow.python.ops.array_ops) is deprecated and will be removed in a future version.
Instructions for updating:
Use tf.where in 2.0, which has the same broadcast rule as np.where
WARNING:tensorflow:From atom2vec_semi_supervise_v3_batched_2020_hyperparams.py:427: The name tf.placeholder is deprecated. Please use tf.compat.v1.placeholder instead.

WARNING:tensorflow:From atom2vec_semi_supervise_v3_batched_2020_hyperparams.py:431: The name tf.truncated_normal is deprecated. Please use tf.random.truncated_normal instead.

WARNING:tensorflow:From atom2vec_semi_supervise_v3_batched_2020_hyperparams.py:449: The name tf.InteractiveSession is deprecated. Please use tf.compat.v1.InteractiveSession instead.

2021-08-19 20:30:44.190168: I tensorflow/core/platform/cpu_feature_guard.cc:142] Your CPU supports instructions that this TensorFlow binary was not compiled to use: AVX2 FMA
2021-08-19 20:30:44.197580: I tensorflow/core/platform/profile_utils/cpu_utils.cc:94] CPU Frequency: 2394430000 Hz
2021-08-19 20:30:44.197721: I tensorflow/compiler/xla/service/service.cc:168] XLA service 0x5e622d0 initialized for platform Host (this does not guarantee that XLA will be used). Devices:
2021-08-19 20:30:44.197759: I tensorflow/compiler/xla/service/service.cc:176]   StreamExecutor device (0): Host, Default Version
2021-08-19 20:30:44.249055: W tensorflow/stream_executor/platform/default/dso_loader.cc:55] Could not load dynamic library 'libcuda.so.1'; dlerror: libcuda.so.1: cannot open shared object file: No such file or directory; LD_LIBRARY_PATH: /share/software/user/open/python/3.6.1/lib:/share/software/user/open/sqlite/3.18.0/lib:/share/software/user/open/tcltk/8.6.6/lib:/share/software/user/open/libressl/2.5.3/lib:/share/software/user/open/xz/5.2.3/lib:/share/software/user/open/zlib/1.2.11/lib:/home/vossj/suncat/lib:/home/vossj/suncat/lib64::
2021-08-19 20:30:44.249178: E tensorflow/stream_executor/cuda/cuda_driver.cc:318] failed call to cuInit: UNKNOWN ERROR (303)
2021-08-19 20:30:44.249261: I tensorflow/stream_executor/cuda/cuda_diagnostics.cc:156] kernel driver does not appear to be running on this host (sh02-04n18.int): /proc/driver/nvidia/version does not exist
WARNING:tensorflow:From /home/users/eantoniu/.local/lib/python3.6/site-packages/tensorflow_core/python/util/tf_should_use.py:198: initialize_all_variables (from tensorflow.python.ops.variables) is deprecated and will be removed after 2017-03-02.
Instructions for updating:
Use `tf.global_variables_initializer` instead.
WARNING:tensorflow:From atom2vec_semi_supervise_v3_batched_2020_hyperparams.py:469: The name tf.log is deprecated. Please use tf.math.log instead.

WARNING:tensorflow:From atom2vec_semi_supervise_v3_batched_2020_hyperparams.py:489: The name tf.train.AdamOptimizer is deprecated. Please use tf.compat.v1.train.AdamOptimizer instead.

WARNING:tensorflow:From /home/users/eantoniu/.local/lib/python3.6/site-packages/tensorflow_core/python/ops/math_grad.py:1424: where (from tensorflow.python.ops.array_ops) is deprecated and will be removed in a future version.
Instructions for updating:
Use tf.where in 2.0, which has the same broadcast rule as np.where
WARNING:tensorflow:From atom2vec_semi_supervise_v3_batched_2020_hyperparams.py:427: The name tf.placeholder is deprecated. Please use tf.compat.v1.placeholder instead.

WARNING:tensorflow:From atom2vec_semi_supervise_v3_batched_2020_hyperparams.py:427: The name tf.placeholder is deprecated. Please use tf.compat.v1.placeholder instead.

WARNING:tensorflow:From atom2vec_semi_supervise_v3_batched_2020_hyperparams.py:431: The name tf.truncated_normal is deprecated. Please use tf.random.truncated_normal instead.

WARNING:tensorflow:From atom2vec_semi_supervise_v3_batched_2020_hyperparams.py:431: The name tf.truncated_normal is deprecated. Please use tf.random.truncated_normal instead.

WARNING:tensorflow:From atom2vec_semi_supervise_v3_batched_2020_hyperparams.py:449: The name tf.InteractiveSession is deprecated. Please use tf.compat.v1.InteractiveSession instead.

2021-08-19 20:30:44.739592: I tensorflow/core/platform/cpu_feature_guard.cc:142] Your CPU supports instructions that this TensorFlow binary was not compiled to use: AVX2 FMA
2021-08-19 20:30:44.748733: I tensorflow/core/platform/profile_utils/cpu_utils.cc:94] CPU Frequency: 2394545000 Hz
2021-08-19 20:30:44.748904: I tensorflow/compiler/xla/service/service.cc:168] XLA service 0x4f1d3d0 initialized for platform Host (this does not guarantee that XLA will be used). Devices:
2021-08-19 20:30:44.748946: I tensorflow/compiler/xla/service/service.cc:176]   StreamExecutor device (0): Host, Default Version
WARNING:tensorflow:From atom2vec_semi_supervise_v3_batched_2020_hyperparams.py:449: The name tf.InteractiveSession is deprecated. Please use tf.compat.v1.InteractiveSession instead.

2021-08-19 20:30:44.757167: I tensorflow/core/platform/cpu_feature_guard.cc:142] Your CPU supports instructions that this TensorFlow binary was not compiled to use: AVX2 FMA
2021-08-19 20:30:44.766133: I tensorflow/core/platform/profile_utils/cpu_utils.cc:94] CPU Frequency: 2394545000 Hz
2021-08-19 20:30:44.766311: I tensorflow/compiler/xla/service/service.cc:168] XLA service 0x495d690 initialized for platform Host (this does not guarantee that XLA will be used). Devices:
2021-08-19 20:30:44.766359: I tensorflow/compiler/xla/service/service.cc:176]   StreamExecutor device (0): Host, Default Version
2021-08-19 20:30:44.800948: W tensorflow/stream_executor/platform/default/dso_loader.cc:55] Could not load dynamic library 'libcuda.so.1'; dlerror: libcuda.so.1: cannot open shared object file: No such file or directory; LD_LIBRARY_PATH: /share/software/user/open/python/3.6.1/lib:/share/software/user/open/sqlite/3.18.0/lib:/share/software/user/open/tcltk/8.6.6/lib:/share/software/user/open/libressl/2.5.3/lib:/share/software/user/open/xz/5.2.3/lib:/share/software/user/open/zlib/1.2.11/lib:/home/vossj/suncat/lib:/home/vossj/suncat/lib64::
2021-08-19 20:30:44.800973: W tensorflow/stream_executor/platform/default/dso_loader.cc:55] Could not load dynamic library 'libcuda.so.1'; dlerror: libcuda.so.1: cannot open shared object file: No such file or directory; LD_LIBRARY_PATH: /share/software/user/open/python/3.6.1/lib:/share/software/user/open/sqlite/3.18.0/lib:/share/software/user/open/tcltk/8.6.6/lib:/share/software/user/open/libressl/2.5.3/lib:/share/software/user/open/xz/5.2.3/lib:/share/software/user/open/zlib/1.2.11/lib:/home/vossj/suncat/lib:/home/vossj/suncat/lib64::
2021-08-19 20:30:44.801035: E tensorflow/stream_executor/cuda/cuda_driver.cc:318] failed call to cuInit: UNKNOWN ERROR (303)
2021-08-19 20:30:44.801121: E tensorflow/stream_executor/cuda/cuda_driver.cc:318] failed call to cuInit: UNKNOWN ERROR (303)
2021-08-19 20:30:44.801161: I tensorflow/stream_executor/cuda/cuda_diagnostics.cc:156] kernel driver does not appear to be running on this host (sh02-02n47.int): /proc/driver/nvidia/version does not exist
2021-08-19 20:30:44.801200: I tensorflow/stream_executor/cuda/cuda_diagnostics.cc:156] kernel driver does not appear to be running on this host (sh02-02n47.int): /proc/driver/nvidia/version does not exist
WARNING:tensorflow:From /home/users/eantoniu/.local/lib/python3.6/site-packages/tensorflow_core/python/util/tf_should_use.py:198: initialize_all_variables (from tensorflow.python.ops.variables) is deprecated and will be removed after 2017-03-02.
Instructions for updating:
Use `tf.global_variables_initializer` instead.
WARNING:tensorflow:From /home/users/eantoniu/.local/lib/python3.6/site-packages/tensorflow_core/python/util/tf_should_use.py:198: initialize_all_variables (from tensorflow.python.ops.variables) is deprecated and will be removed after 2017-03-02.
Instructions for updating:
Use `tf.global_variables_initializer` instead.
WARNING:tensorflow:From atom2vec_semi_supervise_v3_batched_2020_hyperparams.py:469: The name tf.log is deprecated. Please use tf.math.log instead.

WARNING:tensorflow:From atom2vec_semi_supervise_v3_batched_2020_hyperparams.py:469: The name tf.log is deprecated. Please use tf.math.log instead.

WARNING:tensorflow:From atom2vec_semi_supervise_v3_batched_2020_hyperparams.py:489: The name tf.train.AdamOptimizer is deprecated. Please use tf.compat.v1.train.AdamOptimizer instead.

WARNING:tensorflow:From atom2vec_semi_supervise_v3_batched_2020_hyperparams.py:489: The name tf.train.AdamOptimizer is deprecated. Please use tf.compat.v1.train.AdamOptimizer instead.

WARNING:tensorflow:From /home/users/eantoniu/.local/lib/python3.6/site-packages/tensorflow_core/python/ops/math_grad.py:1424: where (from tensorflow.python.ops.array_ops) is deprecated and will be removed in a future version.
Instructions for updating:
Use tf.where in 2.0, which has the same broadcast rule as np.where
WARNING:tensorflow:From /home/users/eantoniu/.local/lib/python3.6/site-packages/tensorflow_core/python/ops/math_grad.py:1424: where (from tensorflow.python.ops.array_ops) is deprecated and will be removed in a future version.
Instructions for updating:
Use tf.where in 2.0, which has the same broadcast rule as np.where
WARNING:tensorflow:From atom2vec_semi_supervise_v3_batched_2020_hyperparams.py:427: The name tf.placeholder is deprecated. Please use tf.compat.v1.placeholder instead.

WARNING:tensorflow:From atom2vec_semi_supervise_v3_batched_2020_hyperparams.py:431: The name tf.truncated_normal is deprecated. Please use tf.random.truncated_normal instead.

WARNING:tensorflow:From atom2vec_semi_supervise_v3_batched_2020_hyperparams.py:449: The name tf.InteractiveSession is deprecated. Please use tf.compat.v1.InteractiveSession instead.

2021-08-19 20:30:46.445177: I tensorflow/core/platform/cpu_feature_guard.cc:142] Your CPU supports instructions that this TensorFlow binary was not compiled to use: AVX2 FMA
2021-08-19 20:30:46.456426: I tensorflow/core/platform/profile_utils/cpu_utils.cc:94] CPU Frequency: 2394390000 Hz
2021-08-19 20:30:46.456623: I tensorflow/compiler/xla/service/service.cc:168] XLA service 0x49702d0 initialized for platform Host (this does not guarantee that XLA will be used). Devices:
2021-08-19 20:30:46.456673: I tensorflow/compiler/xla/service/service.cc:176]   StreamExecutor device (0): Host, Default Version
2021-08-19 20:30:46.506041: W tensorflow/stream_executor/platform/default/dso_loader.cc:55] Could not load dynamic library 'libcuda.so.1'; dlerror: libcuda.so.1: cannot open shared object file: No such file or directory; LD_LIBRARY_PATH: /share/software/user/open/python/3.6.1/lib:/share/software/user/open/sqlite/3.18.0/lib:/share/software/user/open/tcltk/8.6.6/lib:/share/software/user/open/libressl/2.5.3/lib:/share/software/user/open/xz/5.2.3/lib:/share/software/user/open/zlib/1.2.11/lib:/home/vossj/suncat/lib:/home/vossj/suncat/lib64::
2021-08-19 20:30:46.506158: E tensorflow/stream_executor/cuda/cuda_driver.cc:318] failed call to cuInit: UNKNOWN ERROR (303)
2021-08-19 20:30:46.506211: I tensorflow/stream_executor/cuda/cuda_diagnostics.cc:156] kernel driver does not appear to be running on this host (sh02-02n57.int): /proc/driver/nvidia/version does not exist
WARNING:tensorflow:From /home/users/eantoniu/.local/lib/python3.6/site-packages/tensorflow_core/python/util/tf_should_use.py:198: initialize_all_variables (from tensorflow.python.ops.variables) is deprecated and will be removed after 2017-03-02.
Instructions for updating:
Use `tf.global_variables_initializer` instead.
WARNING:tensorflow:From atom2vec_semi_supervise_v3_batched_2020_hyperparams.py:469: The name tf.log is deprecated. Please use tf.math.log instead.

WARNING:tensorflow:From atom2vec_semi_supervise_v3_batched_2020_hyperparams.py:489: The name tf.train.AdamOptimizer is deprecated. Please use tf.compat.v1.train.AdamOptimizer instead.

WARNING:tensorflow:From /home/users/eantoniu/.local/lib/python3.6/site-packages/tensorflow_core/python/ops/math_grad.py:1424: where (from tensorflow.python.ops.array_ops) is deprecated and will be removed in a future version.
Instructions for updating:
Use tf.where in 2.0, which has the same broadcast rule as np.where
WARNING:tensorflow:From atom2vec_semi_supervise_v3_batched_2020_hyperparams.py:427: The name tf.placeholder is deprecated. Please use tf.compat.v1.placeholder instead.

WARNING:tensorflow:From atom2vec_semi_supervise_v3_batched_2020_hyperparams.py:431: The name tf.truncated_normal is deprecated. Please use tf.random.truncated_normal instead.

WARNING:tensorflow:From atom2vec_semi_supervise_v3_batched_2020_hyperparams.py:427: The name tf.placeholder is deprecated. Please use tf.compat.v1.placeholder instead.

WARNING:tensorflow:From atom2vec_semi_supervise_v3_batched_2020_hyperparams.py:427: The name tf.placeholder is deprecated. Please use tf.compat.v1.placeholder instead.

WARNING:tensorflow:From atom2vec_semi_supervise_v3_batched_2020_hyperparams.py:431: The name tf.truncated_normal is deprecated. Please use tf.random.truncated_normal instead.

WARNING:tensorflow:From atom2vec_semi_supervise_v3_batched_2020_hyperparams.py:431: The name tf.truncated_normal is deprecated. Please use tf.random.truncated_normal instead.

WARNING:tensorflow:From atom2vec_semi_supervise_v3_batched_2020_hyperparams.py:449: The name tf.InteractiveSession is deprecated. Please use tf.compat.v1.InteractiveSession instead.

2021-08-19 20:30:46.753391: I tensorflow/core/platform/cpu_feature_guard.cc:142] Your CPU supports instructions that this TensorFlow binary was not compiled to use: AVX2 FMA
2021-08-19 20:30:46.762029: I tensorflow/core/platform/profile_utils/cpu_utils.cc:94] CPU Frequency: 2394440000 Hz
2021-08-19 20:30:46.762202: I tensorflow/compiler/xla/service/service.cc:168] XLA service 0x57d03f0 initialized for platform Host (this does not guarantee that XLA will be used). Devices:
2021-08-19 20:30:46.762245: I tensorflow/compiler/xla/service/service.cc:176]   StreamExecutor device (0): Host, Default Version
WARNING:tensorflow:From atom2vec_semi_supervise_v3_batched_2020_hyperparams.py:449: The name tf.InteractiveSession is deprecated. Please use tf.compat.v1.InteractiveSession instead.

WARNING:tensorflow:From atom2vec_semi_supervise_v3_batched_2020_hyperparams.py:449: The name tf.InteractiveSession is deprecated. Please use tf.compat.v1.InteractiveSession instead.

2021-08-19 20:30:46.793352: I tensorflow/core/platform/cpu_feature_guard.cc:142] Your CPU supports instructions that this TensorFlow binary was not compiled to use: AVX2 FMA
2021-08-19 20:30:46.793427: I tensorflow/core/platform/cpu_feature_guard.cc:142] Your CPU supports instructions that this TensorFlow binary was not compiled to use: AVX2 FMA
2021-08-19 20:30:46.800490: I tensorflow/core/platform/profile_utils/cpu_utils.cc:94] CPU Frequency: 2394440000 Hz
2021-08-19 20:30:46.800572: I tensorflow/core/platform/profile_utils/cpu_utils.cc:94] CPU Frequency: 2394440000 Hz
2021-08-19 20:30:46.800643: I tensorflow/compiler/xla/service/service.cc:168] XLA service 0x4763ec0 initialized for platform Host (this does not guarantee that XLA will be used). Devices:
2021-08-19 20:30:46.800684: I tensorflow/compiler/xla/service/service.cc:176]   StreamExecutor device (0): Host, Default Version
2021-08-19 20:30:46.800706: I tensorflow/compiler/xla/service/service.cc:168] XLA service 0x52cf9b0 initialized for platform Host (this does not guarantee that XLA will be used). Devices:
2021-08-19 20:30:46.800748: I tensorflow/compiler/xla/service/service.cc:176]   StreamExecutor device (0): Host, Default Version
2021-08-19 20:30:46.814513: W tensorflow/stream_executor/platform/default/dso_loader.cc:55] Could not load dynamic library 'libcuda.so.1'; dlerror: libcuda.so.1: cannot open shared object file: No such file or directory; LD_LIBRARY_PATH: /share/software/user/open/python/3.6.1/lib:/share/software/user/open/sqlite/3.18.0/lib:/share/software/user/open/tcltk/8.6.6/lib:/share/software/user/open/libressl/2.5.3/lib:/share/software/user/open/xz/5.2.3/lib:/share/software/user/open/zlib/1.2.11/lib:/home/vossj/suncat/lib:/home/vossj/suncat/lib64::
2021-08-19 20:30:46.814513: W tensorflow/stream_executor/platform/default/dso_loader.cc:55] Could not load dynamic library 'libcuda.so.1'; dlerror: libcuda.so.1: cannot open shared object file: No such file or directory; LD_LIBRARY_PATH: /share/software/user/open/python/3.6.1/lib:/share/software/user/open/sqlite/3.18.0/lib:/share/software/user/open/tcltk/8.6.6/lib:/share/software/user/open/libressl/2.5.3/lib:/share/software/user/open/xz/5.2.3/lib:/share/software/user/open/zlib/1.2.11/lib:/home/vossj/suncat/lib:/home/vossj/suncat/lib64::
2021-08-19 20:30:46.814565: W tensorflow/stream_executor/platform/default/dso_loader.cc:55] Could not load dynamic library 'libcuda.so.1'; dlerror: libcuda.so.1: cannot open shared object file: No such file or directory; LD_LIBRARY_PATH: /share/software/user/open/python/3.6.1/lib:/share/software/user/open/sqlite/3.18.0/lib:/share/software/user/open/tcltk/8.6.6/lib:/share/software/user/open/libressl/2.5.3/lib:/share/software/user/open/xz/5.2.3/lib:/share/software/user/open/zlib/1.2.11/lib:/home/vossj/suncat/lib:/home/vossj/suncat/lib64::
2021-08-19 20:30:46.814603: E tensorflow/stream_executor/cuda/cuda_driver.cc:318] failed call to cuInit: UNKNOWN ERROR (303)
2021-08-19 20:30:46.814642: E tensorflow/stream_executor/cuda/cuda_driver.cc:318] failed call to cuInit: UNKNOWN ERROR (303)
2021-08-19 20:30:46.814734: E tensorflow/stream_executor/cuda/cuda_driver.cc:318] failed call to cuInit: UNKNOWN ERROR (303)
2021-08-19 20:30:46.814762: I tensorflow/stream_executor/cuda/cuda_diagnostics.cc:156] kernel driver does not appear to be running on this host (sh02-02n68.int): /proc/driver/nvidia/version does not exist
2021-08-19 20:30:46.814784: I tensorflow/stream_executor/cuda/cuda_diagnostics.cc:156] kernel driver does not appear to be running on this host (sh02-02n68.int): /proc/driver/nvidia/version does not exist
2021-08-19 20:30:46.814848: I tensorflow/stream_executor/cuda/cuda_diagnostics.cc:156] kernel driver does not appear to be running on this host (sh02-02n68.int): /proc/driver/nvidia/version does not exist
WARNING:tensorflow:From /home/users/eantoniu/.local/lib/python3.6/site-packages/tensorflow_core/python/util/tf_should_use.py:198: initialize_all_variables (from tensorflow.python.ops.variables) is deprecated and will be removed after 2017-03-02.
Instructions for updating:
Use `tf.global_variables_initializer` instead.
WARNING:tensorflow:From /home/users/eantoniu/.local/lib/python3.6/site-packages/tensorflow_core/python/util/tf_should_use.py:198: initialize_all_variables (from tensorflow.python.ops.variables) is deprecated and will be removed after 2017-03-02.
Instructions for updating:
Use `tf.global_variables_initializer` instead.
WARNING:tensorflow:From /home/users/eantoniu/.local/lib/python3.6/site-packages/tensorflow_core/python/util/tf_should_use.py:198: initialize_all_variables (from tensorflow.python.ops.variables) is deprecated and will be removed after 2017-03-02.
Instructions for updating:
Use `tf.global_variables_initializer` instead.
WARNING:tensorflow:From atom2vec_semi_supervise_v3_batched_2020_hyperparams.py:469: The name tf.log is deprecated. Please use tf.math.log instead.

WARNING:tensorflow:From atom2vec_semi_supervise_v3_batched_2020_hyperparams.py:469: The name tf.log is deprecated. Please use tf.math.log instead.

WARNING:tensorflow:From atom2vec_semi_supervise_v3_batched_2020_hyperparams.py:489: The name tf.train.AdamOptimizer is deprecated. Please use tf.compat.v1.train.AdamOptimizer instead.

WARNING:tensorflow:From atom2vec_semi_supervise_v3_batched_2020_hyperparams.py:489: The name tf.train.AdamOptimizer is deprecated. Please use tf.compat.v1.train.AdamOptimizer instead.

WARNING:tensorflow:From atom2vec_semi_supervise_v3_batched_2020_hyperparams.py:469: The name tf.log is deprecated. Please use tf.math.log instead.

WARNING:tensorflow:From atom2vec_semi_supervise_v3_batched_2020_hyperparams.py:489: The name tf.train.AdamOptimizer is deprecated. Please use tf.compat.v1.train.AdamOptimizer instead.

WARNING:tensorflow:From /home/users/eantoniu/.local/lib/python3.6/site-packages/tensorflow_core/python/ops/math_grad.py:1424: where (from tensorflow.python.ops.array_ops) is deprecated and will be removed in a future version.
Instructions for updating:
Use tf.where in 2.0, which has the same broadcast rule as np.where
WARNING:tensorflow:From /home/users/eantoniu/.local/lib/python3.6/site-packages/tensorflow_core/python/ops/math_grad.py:1424: where (from tensorflow.python.ops.array_ops) is deprecated and will be removed in a future version.
Instructions for updating:
Use tf.where in 2.0, which has the same broadcast rule as np.where
WARNING:tensorflow:From /home/users/eantoniu/.local/lib/python3.6/site-packages/tensorflow_core/python/ops/math_grad.py:1424: where (from tensorflow.python.ops.array_ops) is deprecated and will be removed in a future version.
Instructions for updating:
Use tf.where in 2.0, which has the same broadcast rule as np.where
WARNING:tensorflow:From atom2vec_semi_supervise_v3_batched_2020_hyperparams.py:427: The name tf.placeholder is deprecated. Please use tf.compat.v1.placeholder instead.

WARNING:tensorflow:From atom2vec_semi_supervise_v3_batched_2020_hyperparams.py:431: The name tf.truncated_normal is deprecated. Please use tf.random.truncated_normal instead.

WARNING:tensorflow:From atom2vec_semi_supervise_v3_batched_2020_hyperparams.py:449: The name tf.InteractiveSession is deprecated. Please use tf.compat.v1.InteractiveSession instead.

2021-08-19 20:30:49.011817: I tensorflow/core/platform/cpu_feature_guard.cc:142] Your CPU supports instructions that this TensorFlow binary was not compiled to use: AVX2 FMA
2021-08-19 20:30:49.021460: I tensorflow/core/platform/profile_utils/cpu_utils.cc:94] CPU Frequency: 2394420000 Hz
2021-08-19 20:30:49.021670: I tensorflow/compiler/xla/service/service.cc:168] XLA service 0x4770600 initialized for platform Host (this does not guarantee that XLA will be used). Devices:
2021-08-19 20:30:49.021722: I tensorflow/compiler/xla/service/service.cc:176]   StreamExecutor device (0): Host, Default Version
2021-08-19 20:30:49.072731: W tensorflow/stream_executor/platform/default/dso_loader.cc:55] Could not load dynamic library 'libcuda.so.1'; dlerror: libcuda.so.1: cannot open shared object file: No such file or directory; LD_LIBRARY_PATH: /share/software/user/open/python/3.6.1/lib:/share/software/user/open/sqlite/3.18.0/lib:/share/software/user/open/tcltk/8.6.6/lib:/share/software/user/open/libressl/2.5.3/lib:/share/software/user/open/xz/5.2.3/lib:/share/software/user/open/zlib/1.2.11/lib:/home/vossj/suncat/lib:/home/vossj/suncat/lib64::
2021-08-19 20:30:49.072905: E tensorflow/stream_executor/cuda/cuda_driver.cc:318] failed call to cuInit: UNKNOWN ERROR (303)
2021-08-19 20:30:49.072997: I tensorflow/stream_executor/cuda/cuda_diagnostics.cc:156] kernel driver does not appear to be running on this host (sh02-02n65.int): /proc/driver/nvidia/version does not exist
WARNING:tensorflow:From /home/users/eantoniu/.local/lib/python3.6/site-packages/tensorflow_core/python/util/tf_should_use.py:198: initialize_all_variables (from tensorflow.python.ops.variables) is deprecated and will be removed after 2017-03-02.
Instructions for updating:
Use `tf.global_variables_initializer` instead.
WARNING:tensorflow:From atom2vec_semi_supervise_v3_batched_2020_hyperparams.py:469: The name tf.log is deprecated. Please use tf.math.log instead.

WARNING:tensorflow:From atom2vec_semi_supervise_v3_batched_2020_hyperparams.py:489: The name tf.train.AdamOptimizer is deprecated. Please use tf.compat.v1.train.AdamOptimizer instead.

WARNING:tensorflow:From /home/users/eantoniu/.local/lib/python3.6/site-packages/tensorflow_core/python/ops/math_grad.py:1424: where (from tensorflow.python.ops.array_ops) is deprecated and will be removed in a future version.
Instructions for updating:
Use tf.where in 2.0, which has the same broadcast rule as np.where
WARNING:tensorflow:From atom2vec_semi_supervise_v3_batched_2020_hyperparams.py:427: The name tf.placeholder is deprecated. Please use tf.compat.v1.placeholder instead.

WARNING:tensorflow:From atom2vec_semi_supervise_v3_batched_2020_hyperparams.py:427: The name tf.placeholder is deprecated. Please use tf.compat.v1.placeholder instead.

WARNING:tensorflow:From atom2vec_semi_supervise_v3_batched_2020_hyperparams.py:431: The name tf.truncated_normal is deprecated. Please use tf.random.truncated_normal instead.

WARNING:tensorflow:From atom2vec_semi_supervise_v3_batched_2020_hyperparams.py:431: The name tf.truncated_normal is deprecated. Please use tf.random.truncated_normal instead.

WARNING:tensorflow:From atom2vec_semi_supervise_v3_batched_2020_hyperparams.py:427: The name tf.placeholder is deprecated. Please use tf.compat.v1.placeholder instead.

WARNING:tensorflow:From atom2vec_semi_supervise_v3_batched_2020_hyperparams.py:427: The name tf.placeholder is deprecated. Please use tf.compat.v1.placeholder instead.

WARNING:tensorflow:From atom2vec_semi_supervise_v3_batched_2020_hyperparams.py:427: The name tf.placeholder is deprecated. Please use tf.compat.v1.placeholder instead.

WARNING:tensorflow:From atom2vec_semi_supervise_v3_batched_2020_hyperparams.py:427: The name tf.placeholder is deprecated. Please use tf.compat.v1.placeholder instead.

WARNING:tensorflow:From atom2vec_semi_supervise_v3_batched_2020_hyperparams.py:427: The name tf.placeholder is deprecated. Please use tf.compat.v1.placeholder instead.

WARNING:tensorflow:From atom2vec_semi_supervise_v3_batched_2020_hyperparams.py:431: The name tf.truncated_normal is deprecated. Please use tf.random.truncated_normal instead.

WARNING:tensorflow:From atom2vec_semi_supervise_v3_batched_2020_hyperparams.py:431: The name tf.truncated_normal is deprecated. Please use tf.random.truncated_normal instead.

WARNING:tensorflow:From atom2vec_semi_supervise_v3_batched_2020_hyperparams.py:431: The name tf.truncated_normal is deprecated. Please use tf.random.truncated_normal instead.

WARNING:tensorflow:From atom2vec_semi_supervise_v3_batched_2020_hyperparams.py:431: The name tf.truncated_normal is deprecated. Please use tf.random.truncated_normal instead.

WARNING:tensorflow:From atom2vec_semi_supervise_v3_batched_2020_hyperparams.py:431: The name tf.truncated_normal is deprecated. Please use tf.random.truncated_normal instead.

WARNING:tensorflow:From atom2vec_semi_supervise_v3_batched_2020_hyperparams.py:449: The name tf.InteractiveSession is deprecated. Please use tf.compat.v1.InteractiveSession instead.

WARNING:tensorflow:From atom2vec_semi_supervise_v3_batched_2020_hyperparams.py:449: The name tf.InteractiveSession is deprecated. Please use tf.compat.v1.InteractiveSession instead.

2021-08-19 20:30:52.557816: I tensorflow/core/platform/cpu_feature_guard.cc:142] Your CPU supports instructions that this TensorFlow binary was not compiled to use: AVX2 FMA
2021-08-19 20:30:52.557855: I tensorflow/core/platform/cpu_feature_guard.cc:142] Your CPU supports instructions that this TensorFlow binary was not compiled to use: AVX2 FMA
WARNING:tensorflow:From atom2vec_semi_supervise_v3_batched_2020_hyperparams.py:427: The name tf.placeholder is deprecated. Please use tf.compat.v1.placeholder instead.

WARNING:tensorflow:From atom2vec_semi_supervise_v3_batched_2020_hyperparams.py:431: The name tf.truncated_normal is deprecated. Please use tf.random.truncated_normal instead.

2021-08-19 20:30:52.565091: I tensorflow/core/platform/profile_utils/cpu_utils.cc:94] CPU Frequency: 2394440000 Hz
2021-08-19 20:30:52.565150: I tensorflow/core/platform/profile_utils/cpu_utils.cc:94] CPU Frequency: 2394440000 Hz
2021-08-19 20:30:52.565239: I tensorflow/compiler/xla/service/service.cc:168] XLA service 0x59d2270 initialized for platform Host (this does not guarantee that XLA will be used). Devices:
2021-08-19 20:30:52.565280: I tensorflow/compiler/xla/service/service.cc:176]   StreamExecutor device (0): Host, Default Version
2021-08-19 20:30:52.565281: I tensorflow/compiler/xla/service/service.cc:168] XLA service 0x506a750 initialized for platform Host (this does not guarantee that XLA will be used). Devices:
2021-08-19 20:30:52.565370: I tensorflow/compiler/xla/service/service.cc:176]   StreamExecutor device (0): Host, Default Version
2021-08-19 20:30:52.569643: W tensorflow/stream_executor/platform/default/dso_loader.cc:55] Could not load dynamic library 'libcuda.so.1'; dlerror: libcuda.so.1: cannot open shared object file: No such file or directory; LD_LIBRARY_PATH: /share/software/user/open/python/3.6.1/lib:/share/software/user/open/sqlite/3.18.0/lib:/share/software/user/open/tcltk/8.6.6/lib:/share/software/user/open/libressl/2.5.3/lib:/share/software/user/open/xz/5.2.3/lib:/share/software/user/open/zlib/1.2.11/lib:/home/vossj/suncat/lib:/home/vossj/suncat/lib64::
2021-08-19 20:30:52.569644: W tensorflow/stream_executor/platform/default/dso_loader.cc:55] Could not load dynamic library 'libcuda.so.1'; dlerror: libcuda.so.1: cannot open shared object file: No such file or directory; LD_LIBRARY_PATH: /share/software/user/open/python/3.6.1/lib:/share/software/user/open/sqlite/3.18.0/lib:/share/software/user/open/tcltk/8.6.6/lib:/share/software/user/open/libressl/2.5.3/lib:/share/software/user/open/xz/5.2.3/lib:/share/software/user/open/zlib/1.2.11/lib:/home/vossj/suncat/lib:/home/vossj/suncat/lib64::
2021-08-19 20:30:52.569703: E tensorflow/stream_executor/cuda/cuda_driver.cc:318] failed call to cuInit: UNKNOWN ERROR (303)
2021-08-19 20:30:52.569741: E tensorflow/stream_executor/cuda/cuda_driver.cc:318] failed call to cuInit: UNKNOWN ERROR (303)
2021-08-19 20:30:52.569778: I tensorflow/stream_executor/cuda/cuda_diagnostics.cc:156] kernel driver does not appear to be running on this host (sh02-04n23.int): /proc/driver/nvidia/version does not exist
2021-08-19 20:30:52.569800: I tensorflow/stream_executor/cuda/cuda_diagnostics.cc:156] kernel driver does not appear to be running on this host (sh02-04n23.int): /proc/driver/nvidia/version does not exist
WARNING:tensorflow:From /home/users/eantoniu/.local/lib/python3.6/site-packages/tensorflow_core/python/util/tf_should_use.py:198: initialize_all_variables (from tensorflow.python.ops.variables) is deprecated and will be removed after 2017-03-02.
Instructions for updating:
Use `tf.global_variables_initializer` instead.
WARNING:tensorflow:From /home/users/eantoniu/.local/lib/python3.6/site-packages/tensorflow_core/python/util/tf_should_use.py:198: initialize_all_variables (from tensorflow.python.ops.variables) is deprecated and will be removed after 2017-03-02.
Instructions for updating:
Use `tf.global_variables_initializer` instead.
WARNING:tensorflow:From atom2vec_semi_supervise_v3_batched_2020_hyperparams.py:449: The name tf.InteractiveSession is deprecated. Please use tf.compat.v1.InteractiveSession instead.

WARNING:tensorflow:From atom2vec_semi_supervise_v3_batched_2020_hyperparams.py:449: The name tf.InteractiveSession is deprecated. Please use tf.compat.v1.InteractiveSession instead.

WARNING:tensorflow:From atom2vec_semi_supervise_v3_batched_2020_hyperparams.py:449: The name tf.InteractiveSession is deprecated. Please use tf.compat.v1.InteractiveSession instead.

WARNING:tensorflow:From atom2vec_semi_supervise_v3_batched_2020_hyperparams.py:449: The name tf.InteractiveSession is deprecated. Please use tf.compat.v1.InteractiveSession instead.

2021-08-19 20:30:52.597877: I tensorflow/core/platform/cpu_feature_guard.cc:142] Your CPU supports instructions that this TensorFlow binary was not compiled to use: AVX2 FMA
2021-08-19 20:30:52.597908: I tensorflow/core/platform/cpu_feature_guard.cc:142] Your CPU supports instructions that this TensorFlow binary was not compiled to use: AVX2 FMA
2021-08-19 20:30:52.597967: I tensorflow/core/platform/cpu_feature_guard.cc:142] Your CPU supports instructions that this TensorFlow binary was not compiled to use: AVX2 FMA
2021-08-19 20:30:52.598075: I tensorflow/core/platform/cpu_feature_guard.cc:142] Your CPU supports instructions that this TensorFlow binary was not compiled to use: AVX2 FMA
WARNING:tensorflow:From atom2vec_semi_supervise_v3_batched_2020_hyperparams.py:449: The name tf.InteractiveSession is deprecated. Please use tf.compat.v1.InteractiveSession instead.

2021-08-19 20:30:52.598536: I tensorflow/core/platform/cpu_feature_guard.cc:142] Your CPU supports instructions that this TensorFlow binary was not compiled to use: AVX2 FMA
2021-08-19 20:30:52.605112: I tensorflow/core/platform/profile_utils/cpu_utils.cc:94] CPU Frequency: 2394440000 Hz
2021-08-19 20:30:52.605112: I tensorflow/core/platform/profile_utils/cpu_utils.cc:94] CPU Frequency: 2394440000 Hz
2021-08-19 20:30:52.605128: I tensorflow/core/platform/profile_utils/cpu_utils.cc:94] CPU Frequency: 2394440000 Hz
2021-08-19 20:30:52.605126: I tensorflow/core/platform/profile_utils/cpu_utils.cc:94] CPU Frequency: 2394440000 Hz
2021-08-19 20:30:52.605281: I tensorflow/compiler/xla/service/service.cc:168] XLA service 0x42f3830 initialized for platform Host (this does not guarantee that XLA will be used). Devices:
2021-08-19 20:30:52.605312: I tensorflow/compiler/xla/service/service.cc:168] XLA service 0x41bc6d0 initialized for platform Host (this does not guarantee that XLA will be used). Devices:
2021-08-19 20:30:52.605356: I tensorflow/compiler/xla/service/service.cc:168] XLA service 0x41f37b0 initialized for platform Host (this does not guarantee that XLA will be used). Devices:
2021-08-19 20:30:52.605370: I tensorflow/compiler/xla/service/service.cc:176]   StreamExecutor device (0): Host, Default Version
2021-08-19 20:30:52.605400: I tensorflow/compiler/xla/service/service.cc:176]   StreamExecutor device (0): Host, Default Version
2021-08-19 20:30:52.605406: I tensorflow/compiler/xla/service/service.cc:168] XLA service 0x520af40 initialized for platform Host (this does not guarantee that XLA will be used). Devices:
2021-08-19 20:30:52.605430: I tensorflow/compiler/xla/service/service.cc:176]   StreamExecutor device (0): Host, Default Version
2021-08-19 20:30:52.605514: I tensorflow/compiler/xla/service/service.cc:176]   StreamExecutor device (0): Host, Default Version
2021-08-19 20:30:52.605700: I tensorflow/core/platform/profile_utils/cpu_utils.cc:94] CPU Frequency: 2394440000 Hz
2021-08-19 20:30:52.605828: I tensorflow/compiler/xla/service/service.cc:168] XLA service 0x4101390 initialized for platform Host (this does not guarantee that XLA will be used). Devices:
2021-08-19 20:30:52.605867: I tensorflow/compiler/xla/service/service.cc:176]   StreamExecutor device (0): Host, Default Version
WARNING:tensorflow:From atom2vec_semi_supervise_v3_batched_2020_hyperparams.py:469: The name tf.log is deprecated. Please use tf.math.log instead.

WARNING:tensorflow:From atom2vec_semi_supervise_v3_batched_2020_hyperparams.py:469: The name tf.log is deprecated. Please use tf.math.log instead.

2021-08-19 20:30:52.607296: W tensorflow/stream_executor/platform/default/dso_loader.cc:55] Could not load dynamic library 'libcuda.so.1'; dlerror: libcuda.so.1: cannot open shared object file: No such file or directory; LD_LIBRARY_PATH: /share/software/user/open/python/3.6.1/lib:/share/software/user/open/sqlite/3.18.0/lib:/share/software/user/open/tcltk/8.6.6/lib:/share/software/user/open/libressl/2.5.3/lib:/share/software/user/open/xz/5.2.3/lib:/share/software/user/open/zlib/1.2.11/lib:/home/vossj/suncat/lib:/home/vossj/suncat/lib64::
2021-08-19 20:30:52.607296: W tensorflow/stream_executor/platform/default/dso_loader.cc:55] Could not load dynamic library 'libcuda.so.1'; dlerror: libcuda.so.1: cannot open shared object file: No such file or directory; LD_LIBRARY_PATH: /share/software/user/open/python/3.6.1/lib:/share/software/user/open/sqlite/3.18.0/lib:/share/software/user/open/tcltk/8.6.6/lib:/share/software/user/open/libressl/2.5.3/lib:/share/software/user/open/xz/5.2.3/lib:/share/software/user/open/zlib/1.2.11/lib:/home/vossj/suncat/lib:/home/vossj/suncat/lib64::
2021-08-19 20:30:52.607299: W tensorflow/stream_executor/platform/default/dso_loader.cc:55] Could not load dynamic library 'libcuda.so.1'; dlerror: libcuda.so.1: cannot open shared object file: No such file or directory; LD_LIBRARY_PATH: /share/software/user/open/python/3.6.1/lib:/share/software/user/open/sqlite/3.18.0/lib:/share/software/user/open/tcltk/8.6.6/lib:/share/software/user/open/libressl/2.5.3/lib:/share/software/user/open/xz/5.2.3/lib:/share/software/user/open/zlib/1.2.11/lib:/home/vossj/suncat/lib:/home/vossj/suncat/lib64::
2021-08-19 20:30:52.607328: W tensorflow/stream_executor/platform/default/dso_loader.cc:55] Could not load dynamic library 'libcuda.so.1'; dlerror: libcuda.so.1: cannot open shared object file: No such file or directory; LD_LIBRARY_PATH: /share/software/user/open/python/3.6.1/lib:/share/software/user/open/sqlite/3.18.0/lib:/share/software/user/open/tcltk/8.6.6/lib:/share/software/user/open/libressl/2.5.3/lib:/share/software/user/open/xz/5.2.3/lib:/share/software/user/open/zlib/1.2.11/lib:/home/vossj/suncat/lib:/home/vossj/suncat/lib64::
2021-08-19 20:30:52.607350: E tensorflow/stream_executor/cuda/cuda_driver.cc:318] failed call to cuInit: UNKNOWN ERROR (303)
2021-08-19 20:30:52.607385: E tensorflow/stream_executor/cuda/cuda_driver.cc:318] failed call to cuInit: UNKNOWN ERROR (303)
2021-08-19 20:30:52.607444: E tensorflow/stream_executor/cuda/cuda_driver.cc:318] failed call to cuInit: UNKNOWN ERROR (303)
2021-08-19 20:30:52.607477: E tensorflow/stream_executor/cuda/cuda_driver.cc:318] failed call to cuInit: UNKNOWN ERROR (303)
2021-08-19 20:30:52.607513: I tensorflow/stream_executor/cuda/cuda_diagnostics.cc:156] kernel driver does not appear to be running on this host (sh02-04n23.int): /proc/driver/nvidia/version does not exist
2021-08-19 20:30:52.607535: I tensorflow/stream_executor/cuda/cuda_diagnostics.cc:156] kernel driver does not appear to be running on this host (sh02-04n23.int): /proc/driver/nvidia/version does not exist
2021-08-19 20:30:52.607559: I tensorflow/stream_executor/cuda/cuda_diagnostics.cc:156] kernel driver does not appear to be running on this host (sh02-04n23.int): /proc/driver/nvidia/version does not exist
2021-08-19 20:30:52.607583: I tensorflow/stream_executor/cuda/cuda_diagnostics.cc:156] kernel driver does not appear to be running on this host (sh02-04n23.int): /proc/driver/nvidia/version does not exist
2021-08-19 20:30:52.607665: W tensorflow/stream_executor/platform/default/dso_loader.cc:55] Could not load dynamic library 'libcuda.so.1'; dlerror: libcuda.so.1: cannot open shared object file: No such file or directory; LD_LIBRARY_PATH: /share/software/user/open/python/3.6.1/lib:/share/software/user/open/sqlite/3.18.0/lib:/share/software/user/open/tcltk/8.6.6/lib:/share/software/user/open/libressl/2.5.3/lib:/share/software/user/open/xz/5.2.3/lib:/share/software/user/open/zlib/1.2.11/lib:/home/vossj/suncat/lib:/home/vossj/suncat/lib64::
2021-08-19 20:30:52.607716: E tensorflow/stream_executor/cuda/cuda_driver.cc:318] failed call to cuInit: UNKNOWN ERROR (303)
2021-08-19 20:30:52.607754: I tensorflow/stream_executor/cuda/cuda_diagnostics.cc:156] kernel driver does not appear to be running on this host (sh02-04n23.int): /proc/driver/nvidia/version does not exist
WARNING:tensorflow:From /home/users/eantoniu/.local/lib/python3.6/site-packages/tensorflow_core/python/util/tf_should_use.py:198: initialize_all_variables (from tensorflow.python.ops.variables) is deprecated and will be removed after 2017-03-02.
Instructions for updating:
Use `tf.global_variables_initializer` instead.
WARNING:tensorflow:From /home/users/eantoniu/.local/lib/python3.6/site-packages/tensorflow_core/python/util/tf_should_use.py:198: initialize_all_variables (from tensorflow.python.ops.variables) is deprecated and will be removed after 2017-03-02.
Instructions for updating:
Use `tf.global_variables_initializer` instead.
WARNING:tensorflow:From /home/users/eantoniu/.local/lib/python3.6/site-packages/tensorflow_core/python/util/tf_should_use.py:198: initialize_all_variables (from tensorflow.python.ops.variables) is deprecated and will be removed after 2017-03-02.
Instructions for updating:
Use `tf.global_variables_initializer` instead.
WARNING:tensorflow:From /home/users/eantoniu/.local/lib/python3.6/site-packages/tensorflow_core/python/util/tf_should_use.py:198: initialize_all_variables (from tensorflow.python.ops.variables) is deprecated and will be removed after 2017-03-02.
Instructions for updating:
Use `tf.global_variables_initializer` instead.
WARNING:tensorflow:From /home/users/eantoniu/.local/lib/python3.6/site-packages/tensorflow_core/python/util/tf_should_use.py:198: initialize_all_variables (from tensorflow.python.ops.variables) is deprecated and will be removed after 2017-03-02.
Instructions for updating:
Use `tf.global_variables_initializer` instead.
WARNING:tensorflow:From atom2vec_semi_supervise_v3_batched_2020_hyperparams.py:449: The name tf.InteractiveSession is deprecated. Please use tf.compat.v1.InteractiveSession instead.

2021-08-19 20:30:52.609017: I tensorflow/core/platform/cpu_feature_guard.cc:142] Your CPU supports instructions that this TensorFlow binary was not compiled to use: AVX2 FMA
WARNING:tensorflow:From atom2vec_semi_supervise_v3_batched_2020_hyperparams.py:489: The name tf.train.AdamOptimizer is deprecated. Please use tf.compat.v1.train.AdamOptimizer instead.

WARNING:tensorflow:From atom2vec_semi_supervise_v3_batched_2020_hyperparams.py:489: The name tf.train.AdamOptimizer is deprecated. Please use tf.compat.v1.train.AdamOptimizer instead.

2021-08-19 20:30:52.616849: I tensorflow/core/platform/profile_utils/cpu_utils.cc:94] CPU Frequency: 2394440000 Hz
2021-08-19 20:30:52.617030: I tensorflow/compiler/xla/service/service.cc:168] XLA service 0x4c19dc0 initialized for platform Host (this does not guarantee that XLA will be used). Devices:
2021-08-19 20:30:52.617074: I tensorflow/compiler/xla/service/service.cc:176]   StreamExecutor device (0): Host, Default Version
2021-08-19 20:30:52.619269: W tensorflow/stream_executor/platform/default/dso_loader.cc:55] Could not load dynamic library 'libcuda.so.1'; dlerror: libcuda.so.1: cannot open shared object file: No such file or directory; LD_LIBRARY_PATH: /share/software/user/open/python/3.6.1/lib:/share/software/user/open/sqlite/3.18.0/lib:/share/software/user/open/tcltk/8.6.6/lib:/share/software/user/open/libressl/2.5.3/lib:/share/software/user/open/xz/5.2.3/lib:/share/software/user/open/zlib/1.2.11/lib:/home/vossj/suncat/lib:/home/vossj/suncat/lib64::
2021-08-19 20:30:52.619383: E tensorflow/stream_executor/cuda/cuda_driver.cc:318] failed call to cuInit: UNKNOWN ERROR (303)
2021-08-19 20:30:52.619432: I tensorflow/stream_executor/cuda/cuda_diagnostics.cc:156] kernel driver does not appear to be running on this host (sh02-04n23.int): /proc/driver/nvidia/version does not exist
WARNING:tensorflow:From /home/users/eantoniu/.local/lib/python3.6/site-packages/tensorflow_core/python/util/tf_should_use.py:198: initialize_all_variables (from tensorflow.python.ops.variables) is deprecated and will be removed after 2017-03-02.
Instructions for updating:
Use `tf.global_variables_initializer` instead.
WARNING:tensorflow:From atom2vec_semi_supervise_v3_batched_2020_hyperparams.py:469: The name tf.log is deprecated. Please use tf.math.log instead.

WARNING:tensorflow:From atom2vec_semi_supervise_v3_batched_2020_hyperparams.py:469: The name tf.log is deprecated. Please use tf.math.log instead.

WARNING:tensorflow:From atom2vec_semi_supervise_v3_batched_2020_hyperparams.py:469: The name tf.log is deprecated. Please use tf.math.log instead.

WARNING:tensorflow:From atom2vec_semi_supervise_v3_batched_2020_hyperparams.py:469: The name tf.log is deprecated. Please use tf.math.log instead.

WARNING:tensorflow:From atom2vec_semi_supervise_v3_batched_2020_hyperparams.py:469: The name tf.log is deprecated. Please use tf.math.log instead.

WARNING:tensorflow:From /home/users/eantoniu/.local/lib/python3.6/site-packages/tensorflow_core/python/ops/math_grad.py:1424: where (from tensorflow.python.ops.array_ops) is deprecated and will be removed in a future version.
Instructions for updating:
Use tf.where in 2.0, which has the same broadcast rule as np.where
WARNING:tensorflow:From /home/users/eantoniu/.local/lib/python3.6/site-packages/tensorflow_core/python/ops/math_grad.py:1424: where (from tensorflow.python.ops.array_ops) is deprecated and will be removed in a future version.
Instructions for updating:
Use tf.where in 2.0, which has the same broadcast rule as np.where
WARNING:tensorflow:From atom2vec_semi_supervise_v3_batched_2020_hyperparams.py:489: The name tf.train.AdamOptimizer is deprecated. Please use tf.compat.v1.train.AdamOptimizer instead.

WARNING:tensorflow:From atom2vec_semi_supervise_v3_batched_2020_hyperparams.py:489: The name tf.train.AdamOptimizer is deprecated. Please use tf.compat.v1.train.AdamOptimizer instead.

WARNING:tensorflow:From atom2vec_semi_supervise_v3_batched_2020_hyperparams.py:489: The name tf.train.AdamOptimizer is deprecated. Please use tf.compat.v1.train.AdamOptimizer instead.

WARNING:tensorflow:From atom2vec_semi_supervise_v3_batched_2020_hyperparams.py:489: The name tf.train.AdamOptimizer is deprecated. Please use tf.compat.v1.train.AdamOptimizer instead.

WARNING:tensorflow:From atom2vec_semi_supervise_v3_batched_2020_hyperparams.py:489: The name tf.train.AdamOptimizer is deprecated. Please use tf.compat.v1.train.AdamOptimizer instead.

WARNING:tensorflow:From atom2vec_semi_supervise_v3_batched_2020_hyperparams.py:469: The name tf.log is deprecated. Please use tf.math.log instead.

WARNING:tensorflow:From atom2vec_semi_supervise_v3_batched_2020_hyperparams.py:489: The name tf.train.AdamOptimizer is deprecated. Please use tf.compat.v1.train.AdamOptimizer instead.

WARNING:tensorflow:From /home/users/eantoniu/.local/lib/python3.6/site-packages/tensorflow_core/python/ops/math_grad.py:1424: where (from tensorflow.python.ops.array_ops) is deprecated and will be removed in a future version.
Instructions for updating:
Use tf.where in 2.0, which has the same broadcast rule as np.where
WARNING:tensorflow:From /home/users/eantoniu/.local/lib/python3.6/site-packages/tensorflow_core/python/ops/math_grad.py:1424: where (from tensorflow.python.ops.array_ops) is deprecated and will be removed in a future version.
Instructions for updating:
Use tf.where in 2.0, which has the same broadcast rule as np.where
WARNING:tensorflow:From /home/users/eantoniu/.local/lib/python3.6/site-packages/tensorflow_core/python/ops/math_grad.py:1424: where (from tensorflow.python.ops.array_ops) is deprecated and will be removed in a future version.
Instructions for updating:
Use tf.where in 2.0, which has the same broadcast rule as np.where
WARNING:tensorflow:From /home/users/eantoniu/.local/lib/python3.6/site-packages/tensorflow_core/python/ops/math_grad.py:1424: where (from tensorflow.python.ops.array_ops) is deprecated and will be removed in a future version.
Instructions for updating:
Use tf.where in 2.0, which has the same broadcast rule as np.where
WARNING:tensorflow:From /home/users/eantoniu/.local/lib/python3.6/site-packages/tensorflow_core/python/ops/math_grad.py:1424: where (from tensorflow.python.ops.array_ops) is deprecated and will be removed in a future version.
Instructions for updating:
Use tf.where in 2.0, which has the same broadcast rule as np.where
WARNING:tensorflow:From /home/users/eantoniu/.local/lib/python3.6/site-packages/tensorflow_core/python/ops/math_grad.py:1424: where (from tensorflow.python.ops.array_ops) is deprecated and will be removed in a future version.
Instructions for updating:
Use tf.where in 2.0, which has the same broadcast rule as np.where
slurmstepd: error: *** JOB 31990279 ON sh02-02n68 CANCELLED AT 2021-08-21T20:30:31 DUE TO TIME LIMIT ***
slurmstepd: error: *** JOB 31990276 ON sh02-04n18 CANCELLED AT 2021-08-21T20:30:31 DUE TO TIME LIMIT ***
slurmstepd: error: *** JOB 31990270 ON sh02-04n23 CANCELLED AT 2021-08-21T20:30:31 DUE TO TIME LIMIT ***
slurmstepd: error: *** JOB 31990285 ON sh02-02n47 CANCELLED AT 2021-08-21T20:30:31 DUE TO TIME LIMIT ***
slurmstepd: error: *** JOB 31990281 ON sh02-02n65 CANCELLED AT 2021-08-21T20:30:31 DUE TO TIME LIMIT ***
slurmstepd: error: *** JOB 31990265 ON sh01-27n22 CANCELLED AT 2021-08-21T20:30:31 DUE TO TIME LIMIT ***
slurmstepd: error: *** JOB 31990282 ON sh02-02n62 CANCELLED AT 2021-08-21T20:30:31 DUE TO TIME LIMIT ***
slurmstepd: error: *** JOB 31990284 ON sh02-02n57 CANCELLED AT 2021-08-21T20:30:31 DUE TO TIME LIMIT ***
slurmstepd: error: *** JOB 31990277 ON sh02-02n70 CANCELLED AT 2021-08-21T20:30:31 DUE TO TIME LIMIT ***
slurmstepd: error: *** JOB 31990280 ON sh02-02n68 CANCELLED AT 2021-08-21T20:30:31 DUE TO TIME LIMIT ***
slurmstepd: error: *** JOB 31990271 ON sh02-04n23 CANCELLED AT 2021-08-21T20:30:31 DUE TO TIME LIMIT ***
slurmstepd: error: *** JOB 31990286 ON sh02-02n47 CANCELLED AT 2021-08-21T20:30:31 DUE TO TIME LIMIT ***
slurmstepd: error: *** JOB 31990283 ON sh02-02n62 CANCELLED AT 2021-08-21T20:30:31 DUE TO TIME LIMIT ***
slurmstepd: error: *** JOB 31990278 ON sh02-02n68 CANCELLED AT 2021-08-21T20:30:31 DUE TO TIME LIMIT ***
slurmstepd: error: *** JOB 31990268 ON sh02-04n23 CANCELLED AT 2021-08-21T20:30:31 DUE TO TIME LIMIT ***
slurmstepd: error: *** JOB 31990273 ON sh02-04n23 CANCELLED AT 2021-08-21T20:30:31 DUE TO TIME LIMIT ***
slurmstepd: error: *** JOB 31990275 ON sh02-04n23 CANCELLED AT 2021-08-21T20:30:31 DUE TO TIME LIMIT ***
slurmstepd: error: *** JOB 31990272 ON sh02-04n23 CANCELLED AT 2021-08-21T20:30:31 DUE TO TIME LIMIT ***
slurmstepd: error: *** JOB 31990274 ON sh02-04n23 CANCELLED AT 2021-08-21T20:30:31 DUE TO TIME LIMIT ***
slurmstepd: error: *** JOB 31990269 ON sh02-04n23 CANCELLED AT 2021-08-21T20:30:31 DUE TO TIME LIMIT ***
