The following modules were not unloaded:
  (Use "module --force purge" to unload all):

  1) math   2) devel
The following modules were not unloaded:
  (Use "module --force purge" to unload all):

  1) math   2) devel
WARNING:tensorflow:From atom2vec_semi_supervise_v3_batched_2020_hyperparams.py:427: The name tf.placeholder is deprecated. Please use tf.compat.v1.placeholder instead.

WARNING:tensorflow:From atom2vec_semi_supervise_v3_batched_2020_hyperparams.py:431: The name tf.truncated_normal is deprecated. Please use tf.random.truncated_normal instead.

WARNING:tensorflow:From atom2vec_semi_supervise_v3_batched_2020_hyperparams.py:449: The name tf.InteractiveSession is deprecated. Please use tf.compat.v1.InteractiveSession instead.

2021-08-21 09:44:34.702088: I tensorflow/core/platform/cpu_feature_guard.cc:142] Your CPU supports instructions that this TensorFlow binary was not compiled to use: AVX2 FMA
2021-08-21 09:44:34.714454: I tensorflow/core/platform/profile_utils/cpu_utils.cc:94] CPU Frequency: 2394435000 Hz
2021-08-21 09:44:34.714723: I tensorflow/compiler/xla/service/service.cc:168] XLA service 0x4f22a60 initialized for platform Host (this does not guarantee that XLA will be used). Devices:
2021-08-21 09:44:34.714796: I tensorflow/compiler/xla/service/service.cc:176]   StreamExecutor device (0): Host, Default Version
2021-08-21 09:44:34.718651: W tensorflow/stream_executor/platform/default/dso_loader.cc:55] Could not load dynamic library 'libcuda.so.1'; dlerror: libcuda.so.1: cannot open shared object file: No such file or directory; LD_LIBRARY_PATH: /share/software/user/open/python/3.6.1/lib:/share/software/user/open/sqlite/3.18.0/lib:/share/software/user/open/tcltk/8.6.6/lib:/share/software/user/open/libressl/2.5.3/lib:/share/software/user/open/xz/5.2.3/lib:/share/software/user/open/zlib/1.2.11/lib:/home/vossj/suncat/lib:/home/vossj/suncat/lib64::
2021-08-21 09:44:34.718781: E tensorflow/stream_executor/cuda/cuda_driver.cc:318] failed call to cuInit: UNKNOWN ERROR (303)
2021-08-21 09:44:34.718850: I tensorflow/stream_executor/cuda/cuda_diagnostics.cc:156] kernel driver does not appear to be running on this host (sh02-02n70.int): /proc/driver/nvidia/version does not exist
WARNING:tensorflow:From /home/users/eantoniu/.local/lib/python3.6/site-packages/tensorflow_core/python/util/tf_should_use.py:198: initialize_all_variables (from tensorflow.python.ops.variables) is deprecated and will be removed after 2017-03-02.
Instructions for updating:
Use `tf.global_variables_initializer` instead.
WARNING:tensorflow:From atom2vec_semi_supervise_v3_batched_2020_hyperparams.py:469: The name tf.log is deprecated. Please use tf.math.log instead.

WARNING:tensorflow:From atom2vec_semi_supervise_v3_batched_2020_hyperparams.py:489: The name tf.train.AdamOptimizer is deprecated. Please use tf.compat.v1.train.AdamOptimizer instead.

WARNING:tensorflow:From /home/users/eantoniu/.local/lib/python3.6/site-packages/tensorflow_core/python/ops/math_grad.py:1424: where (from tensorflow.python.ops.array_ops) is deprecated and will be removed in a future version.
Instructions for updating:
Use tf.where in 2.0, which has the same broadcast rule as np.where
WARNING:tensorflow:From atom2vec_semi_supervise_v3_batched_2020_hyperparams.py:427: The name tf.placeholder is deprecated. Please use tf.compat.v1.placeholder instead.

WARNING:tensorflow:From atom2vec_semi_supervise_v3_batched_2020_hyperparams.py:431: The name tf.truncated_normal is deprecated. Please use tf.random.truncated_normal instead.

WARNING:tensorflow:From atom2vec_semi_supervise_v3_batched_2020_hyperparams.py:449: The name tf.InteractiveSession is deprecated. Please use tf.compat.v1.InteractiveSession instead.

2021-08-21 09:44:36.228567: I tensorflow/core/platform/cpu_feature_guard.cc:142] Your CPU supports instructions that this TensorFlow binary was not compiled to use: AVX2 FMA
2021-08-21 09:44:36.237735: I tensorflow/core/platform/profile_utils/cpu_utils.cc:94] CPU Frequency: 2394485000 Hz
2021-08-21 09:44:36.237949: I tensorflow/compiler/xla/service/service.cc:168] XLA service 0x570e7d0 initialized for platform Host (this does not guarantee that XLA will be used). Devices:
2021-08-21 09:44:36.238028: I tensorflow/compiler/xla/service/service.cc:176]   StreamExecutor device (0): Host, Default Version
2021-08-21 09:44:36.240655: W tensorflow/stream_executor/platform/default/dso_loader.cc:55] Could not load dynamic library 'libcuda.so.1'; dlerror: libcuda.so.1: cannot open shared object file: No such file or directory; LD_LIBRARY_PATH: /share/software/user/open/python/3.6.1/lib:/share/software/user/open/sqlite/3.18.0/lib:/share/software/user/open/tcltk/8.6.6/lib:/share/software/user/open/libressl/2.5.3/lib:/share/software/user/open/xz/5.2.3/lib:/share/software/user/open/zlib/1.2.11/lib:/home/vossj/suncat/lib:/home/vossj/suncat/lib64::
2021-08-21 09:44:36.240722: E tensorflow/stream_executor/cuda/cuda_driver.cc:318] failed call to cuInit: UNKNOWN ERROR (303)
2021-08-21 09:44:36.240778: I tensorflow/stream_executor/cuda/cuda_diagnostics.cc:156] kernel driver does not appear to be running on this host (sh02-02n67.int): /proc/driver/nvidia/version does not exist
WARNING:tensorflow:From /home/users/eantoniu/.local/lib/python3.6/site-packages/tensorflow_core/python/util/tf_should_use.py:198: initialize_all_variables (from tensorflow.python.ops.variables) is deprecated and will be removed after 2017-03-02.
Instructions for updating:
Use `tf.global_variables_initializer` instead.
WARNING:tensorflow:From atom2vec_semi_supervise_v3_batched_2020_hyperparams.py:469: The name tf.log is deprecated. Please use tf.math.log instead.

WARNING:tensorflow:From atom2vec_semi_supervise_v3_batched_2020_hyperparams.py:489: The name tf.train.AdamOptimizer is deprecated. Please use tf.compat.v1.train.AdamOptimizer instead.

WARNING:tensorflow:From /home/users/eantoniu/.local/lib/python3.6/site-packages/tensorflow_core/python/ops/math_grad.py:1424: where (from tensorflow.python.ops.array_ops) is deprecated and will be removed in a future version.
Instructions for updating:
Use tf.where in 2.0, which has the same broadcast rule as np.where
slurmstepd: error: *** JOB 31991972 ON sh01-28n05 CANCELLED AT 2021-08-22T08:56:16 DUE TO TIME LIMIT ***
slurmstepd: error: *** JOB 31991987 ON sh02-05n16 CANCELLED AT 2021-08-22T08:56:16 DUE TO TIME LIMIT ***
slurmstepd: error: *** JOB 31991973 ON sh01-27n33 CANCELLED AT 2021-08-22T08:56:16 DUE TO TIME LIMIT ***
slurmstepd: error: *** JOB 31991982 ON sh01-18n28 CANCELLED AT 2021-08-22T08:56:16 DUE TO TIME LIMIT ***
slurmstepd: error: *** JOB 31991984 ON sh02-05n71 CANCELLED AT 2021-08-22T08:56:16 DUE TO TIME LIMIT ***
slurmstepd: error: *** JOB 31991983 ON sh01-18n28 CANCELLED AT 2021-08-22T08:56:16 DUE TO TIME LIMIT ***
slurmstepd: error: *** JOB 31991976 ON sh02-10n40 CANCELLED AT 2021-08-22T13:11:15 DUE TO TIME LIMIT ***
slurmstepd: error: *** JOB 31991977 ON sh02-10n40 CANCELLED AT 2021-08-22T13:11:15 DUE TO TIME LIMIT ***
slurmstepd: error: *** JOB 31991989 ON sh02-10n40 CANCELLED AT 2021-08-22T13:11:15 DUE TO TIME LIMIT ***
slurmstepd: error: *** JOB 31991978 ON sh02-10n23 CANCELLED AT 2021-08-22T13:11:15 DUE TO TIME LIMIT ***
slurmstepd: error: *** JOB 31991980 ON sh02-10n40 CANCELLED AT 2021-08-22T13:11:15 DUE TO TIME LIMIT ***
slurmstepd: error: *** JOB 31991974 ON sh02-09n71 CANCELLED AT 2021-08-22T13:17:06 DUE TO TIME LIMIT ***
slurmstepd: error: *** JOB 31991971 ON sh02-09n65 CANCELLED AT 2021-08-22T13:17:06 DUE TO TIME LIMIT ***
slurmstepd: error: *** JOB 31991988 ON sh02-09n71 CANCELLED AT 2021-08-22T13:17:06 DUE TO TIME LIMIT ***
slurmstepd: error: *** JOB 31991969 ON sh02-09n71 CANCELLED AT 2021-08-22T13:17:06 DUE TO TIME LIMIT ***
slurmstepd: error: *** JOB 31991979 ON sh02-09n71 CANCELLED AT 2021-08-22T13:17:06 DUE TO TIME LIMIT ***
slurmstepd: error: *** JOB 31991981 ON sh02-17n41 CANCELLED AT 2021-08-22T21:46:39 DUE TO TIME LIMIT ***
slurmstepd: error: *** JOB 31991975 ON sh02-17n41 CANCELLED AT 2021-08-22T21:46:39 DUE TO TIME LIMIT ***
slurmstepd: error: *** JOB 31991986 ON sh02-02n70 CANCELLED AT 2021-08-23T09:44:47 DUE TO TIME LIMIT ***
slurmstepd: error: *** JOB 31991985 ON sh02-02n67 CANCELLED AT 2021-08-23T09:44:47 DUE TO TIME LIMIT ***
