The following modules were not unloaded:
  (Use "module --force purge" to unload all):

  1) math   2) devel
WARNING:tensorflow:From atom2vec_semi_supervise_v3_batched_2020_hyperparams.py:427: The name tf.placeholder is deprecated. Please use tf.compat.v1.placeholder instead.

WARNING:tensorflow:From atom2vec_semi_supervise_v3_batched_2020_hyperparams.py:431: The name tf.truncated_normal is deprecated. Please use tf.random.truncated_normal instead.

WARNING:tensorflow:From atom2vec_semi_supervise_v3_batched_2020_hyperparams.py:449: The name tf.InteractiveSession is deprecated. Please use tf.compat.v1.InteractiveSession instead.

2021-08-22 12:34:36.380628: I tensorflow/core/platform/cpu_feature_guard.cc:142] Your CPU supports instructions that this TensorFlow binary was not compiled to use: AVX2 FMA
2021-08-22 12:34:36.388311: I tensorflow/core/platform/profile_utils/cpu_utils.cc:94] CPU Frequency: 2394390000 Hz
2021-08-22 12:34:36.388459: I tensorflow/compiler/xla/service/service.cc:168] XLA service 0x550fd80 initialized for platform Host (this does not guarantee that XLA will be used). Devices:
2021-08-22 12:34:36.388503: I tensorflow/compiler/xla/service/service.cc:176]   StreamExecutor device (0): Host, Default Version
2021-08-22 12:34:36.391337: W tensorflow/stream_executor/platform/default/dso_loader.cc:55] Could not load dynamic library 'libcuda.so.1'; dlerror: libcuda.so.1: cannot open shared object file: No such file or directory; LD_LIBRARY_PATH: /share/software/user/open/python/3.6.1/lib:/share/software/user/open/sqlite/3.18.0/lib:/share/software/user/open/tcltk/8.6.6/lib:/share/software/user/open/libressl/2.5.3/lib:/share/software/user/open/xz/5.2.3/lib:/share/software/user/open/zlib/1.2.11/lib:/home/vossj/suncat/lib:/home/vossj/suncat/lib64::
2021-08-22 12:34:36.391393: E tensorflow/stream_executor/cuda/cuda_driver.cc:318] failed call to cuInit: UNKNOWN ERROR (303)
2021-08-22 12:34:36.391438: I tensorflow/stream_executor/cuda/cuda_diagnostics.cc:156] kernel driver does not appear to be running on this host (sh02-05n71.int): /proc/driver/nvidia/version does not exist
WARNING:tensorflow:From /home/users/eantoniu/.local/lib/python3.6/site-packages/tensorflow_core/python/util/tf_should_use.py:198: initialize_all_variables (from tensorflow.python.ops.variables) is deprecated and will be removed after 2017-03-02.
Instructions for updating:
Use `tf.global_variables_initializer` instead.
WARNING:tensorflow:From atom2vec_semi_supervise_v3_batched_2020_hyperparams.py:469: The name tf.log is deprecated. Please use tf.math.log instead.

WARNING:tensorflow:From atom2vec_semi_supervise_v3_batched_2020_hyperparams.py:489: The name tf.train.AdamOptimizer is deprecated. Please use tf.compat.v1.train.AdamOptimizer instead.

WARNING:tensorflow:From /home/users/eantoniu/.local/lib/python3.6/site-packages/tensorflow_core/python/ops/math_grad.py:1424: where (from tensorflow.python.ops.array_ops) is deprecated and will be removed in a future version.
Instructions for updating:
Use tf.where in 2.0, which has the same broadcast rule as np.where
slurmstepd: error: *** JOB 31991597 ON sh02-05n11 CANCELLED AT 2021-08-22T13:50:41 DUE TO TIME LIMIT ***
slurmstepd: error: *** JOB 31991599 ON sh02-05n11 CANCELLED AT 2021-08-22T13:50:41 DUE TO TIME LIMIT ***
slurmstepd: error: *** JOB 31991593 ON sh02-05n11 CANCELLED AT 2021-08-22T13:50:41 DUE TO TIME LIMIT ***
slurmstepd: error: *** JOB 31991600 ON sh02-05n11 CANCELLED AT 2021-08-22T13:50:41 DUE TO TIME LIMIT ***
slurmstepd: error: *** JOB 31991594 ON sh02-05n11 CANCELLED AT 2021-08-22T13:50:41 DUE TO TIME LIMIT ***
slurmstepd: error: *** JOB 31991598 ON sh02-05n11 CANCELLED AT 2021-08-22T13:50:41 DUE TO TIME LIMIT ***
slurmstepd: error: *** JOB 31991595 ON sh02-02n45 CANCELLED AT 2021-08-22T13:55:38 DUE TO TIME LIMIT ***
slurmstepd: error: *** JOB 31991596 ON sh02-02n45 CANCELLED AT 2021-08-22T13:55:38 DUE TO TIME LIMIT ***
slurmstepd: error: *** JOB 31991601 ON sh02-02n72 CANCELLED AT 2021-08-22T14:25:10 DUE TO TIME LIMIT ***
slurmstepd: error: *** JOB 31991606 ON sh01-18n17 CANCELLED AT 2021-08-22T14:35:15 DUE TO TIME LIMIT ***
slurmstepd: error: *** JOB 31991607 ON sh01-18n17 CANCELLED AT 2021-08-22T15:06:11 DUE TO TIME LIMIT ***
slurmstepd: error: *** JOB 31991602 ON sh01-18n24 CANCELLED AT 2021-08-22T16:15:05 DUE TO TIME LIMIT ***
slurmstepd: error: *** JOB 31991603 ON sh01-18n24 CANCELLED AT 2021-08-22T16:15:05 DUE TO TIME LIMIT ***
slurmstepd: error: *** JOB 31991604 ON sh01-18n24 CANCELLED AT 2021-08-22T16:15:06 DUE TO TIME LIMIT ***
slurmstepd: error: *** JOB 31991605 ON sh02-05n71 CANCELLED AT 2021-08-24T12:34:37 DUE TO TIME LIMIT ***
