The following modules were not unloaded:
  (Use "module --force purge" to unload all):

  1) math   2) devel
WARNING:tensorflow:From atom2vec_semi_supervise_v3_batched_2020_hyperparams.py:427: The name tf.placeholder is deprecated. Please use tf.compat.v1.placeholder instead.

WARNING:tensorflow:From atom2vec_semi_supervise_v3_batched_2020_hyperparams.py:431: The name tf.truncated_normal is deprecated. Please use tf.random.truncated_normal instead.

WARNING:tensorflow:From atom2vec_semi_supervise_v3_batched_2020_hyperparams.py:449: The name tf.InteractiveSession is deprecated. Please use tf.compat.v1.InteractiveSession instead.

2021-08-25 17:24:24.192918: I tensorflow/core/platform/cpu_feature_guard.cc:142] Your CPU supports instructions that this TensorFlow binary was not compiled to use: AVX2 FMA
2021-08-25 17:24:24.201801: I tensorflow/core/platform/profile_utils/cpu_utils.cc:94] CPU Frequency: 2394505000 Hz
2021-08-25 17:24:24.202015: I tensorflow/compiler/xla/service/service.cc:168] XLA service 0x4cdcad0 initialized for platform Host (this does not guarantee that XLA will be used). Devices:
2021-08-25 17:24:24.202056: I tensorflow/compiler/xla/service/service.cc:176]   StreamExecutor device (0): Host, Default Version
2021-08-25 17:24:24.254772: W tensorflow/stream_executor/platform/default/dso_loader.cc:55] Could not load dynamic library 'libcuda.so.1'; dlerror: libcuda.so.1: cannot open shared object file: No such file or directory; LD_LIBRARY_PATH: /share/software/user/open/python/3.6.1/lib:/share/software/user/open/sqlite/3.18.0/lib:/share/software/user/open/tcltk/8.6.6/lib:/share/software/user/open/libressl/2.5.3/lib:/share/software/user/open/xz/5.2.3/lib:/share/software/user/open/zlib/1.2.11/lib:/home/vossj/suncat/lib:/home/vossj/suncat/lib64::
2021-08-25 17:24:24.254962: E tensorflow/stream_executor/cuda/cuda_driver.cc:318] failed call to cuInit: UNKNOWN ERROR (303)
2021-08-25 17:24:24.255054: I tensorflow/stream_executor/cuda/cuda_diagnostics.cc:156] kernel driver does not appear to be running on this host (sh02-05n09.int): /proc/driver/nvidia/version does not exist
WARNING:tensorflow:From /home/users/eantoniu/.local/lib/python3.6/site-packages/tensorflow_core/python/util/tf_should_use.py:198: initialize_all_variables (from tensorflow.python.ops.variables) is deprecated and will be removed after 2017-03-02.
Instructions for updating:
Use `tf.global_variables_initializer` instead.
WARNING:tensorflow:From atom2vec_semi_supervise_v3_batched_2020_hyperparams.py:469: The name tf.log is deprecated. Please use tf.math.log instead.

WARNING:tensorflow:From atom2vec_semi_supervise_v3_batched_2020_hyperparams.py:489: The name tf.train.AdamOptimizer is deprecated. Please use tf.compat.v1.train.AdamOptimizer instead.

WARNING:tensorflow:From /home/users/eantoniu/.local/lib/python3.6/site-packages/tensorflow_core/python/ops/math_grad.py:1424: where (from tensorflow.python.ops.array_ops) is deprecated and will be removed in a future version.
Instructions for updating:
Use tf.where in 2.0, which has the same broadcast rule as np.where
slurmstepd: error: *** JOB 32124950 ON sh02-09n60 CANCELLED AT 2021-08-25T21:39:30 DUE TO TIME LIMIT ***
slurmstepd: error: *** JOB 32124948 ON sh02-09n60 CANCELLED AT 2021-08-25T21:39:30 DUE TO TIME LIMIT ***
slurmstepd: error: *** JOB 32124949 ON sh02-09n60 CANCELLED AT 2021-08-25T21:39:30 DUE TO TIME LIMIT ***
slurmstepd: error: *** JOB 32124952 ON sh02-09n60 CANCELLED AT 2021-08-25T21:39:30 DUE TO TIME LIMIT ***
slurmstepd: error: *** JOB 32124951 ON sh02-09n60 CANCELLED AT 2021-08-25T21:39:30 DUE TO TIME LIMIT ***
slurmstepd: error: *** JOB 32124945 ON sh02-07n50 CANCELLED AT 2021-08-25T22:01:09 DUE TO TIME LIMIT ***
slurmstepd: error: *** JOB 32124947 ON sh02-07n50 CANCELLED AT 2021-08-25T22:01:09 DUE TO TIME LIMIT ***
slurmstepd: error: *** JOB 32124937 ON sh02-07n50 CANCELLED AT 2021-08-25T22:01:09 DUE TO TIME LIMIT ***
slurmstepd: error: *** JOB 32124941 ON sh02-09n65 CANCELLED AT 2021-08-25T22:01:09 DUE TO TIME LIMIT ***
slurmstepd: error: *** JOB 32124933 ON sh02-07n50 CANCELLED AT 2021-08-25T22:01:09 DUE TO TIME LIMIT ***
slurmstepd: error: *** JOB 32124943 ON sh02-07n50 CANCELLED AT 2021-08-25T22:01:09 DUE TO TIME LIMIT ***
slurmstepd: error: *** JOB 32124934 ON sh02-17n36 CANCELLED AT 2021-08-26T03:52:50 DUE TO TIME LIMIT ***
slurmstepd: error: *** JOB 32124942 ON sh02-07n54 CANCELLED AT 2021-08-26T09:01:30 DUE TO TIME LIMIT ***
slurmstepd: error: *** JOB 32124938 ON sh02-05n69 CANCELLED AT 2021-08-26T15:09:25 DUE TO TIME LIMIT ***
slurmstepd: error: *** JOB 32124935 ON sh02-05n69 CANCELLED AT 2021-08-26T15:09:25 DUE TO TIME LIMIT ***
slurmstepd: error: *** JOB 32124936 ON sh02-05n69 CANCELLED AT 2021-08-26T15:09:25 DUE TO TIME LIMIT ***
slurmstepd: error: *** JOB 32124939 ON sh02-05n69 CANCELLED AT 2021-08-26T15:09:25 DUE TO TIME LIMIT ***
slurmstepd: error: *** JOB 32124944 ON sh02-04n22 CANCELLED AT 2021-08-27T17:11:29 DUE TO TIME LIMIT ***
slurmstepd: error: *** JOB 32124946 ON sh02-02n71 CANCELLED AT 2021-08-27T17:12:00 DUE TO TIME LIMIT ***
slurmstepd: error: *** JOB 32124940 ON sh02-05n09 CANCELLED AT 2021-08-27T17:24:08 DUE TO TIME LIMIT ***
