The following modules were not unloaded:
  (Use "module --force purge" to unload all):

  1) math   2) devel
WARNING:tensorflow:From atom2vec_semi_supervise_v3_batched_2020_hyperparams.py:427: The name tf.placeholder is deprecated. Please use tf.compat.v1.placeholder instead.

WARNING:tensorflow:From atom2vec_semi_supervise_v3_batched_2020_hyperparams.py:431: The name tf.truncated_normal is deprecated. Please use tf.random.truncated_normal instead.

WARNING:tensorflow:From atom2vec_semi_supervise_v3_batched_2020_hyperparams.py:449: The name tf.InteractiveSession is deprecated. Please use tf.compat.v1.InteractiveSession instead.

2021-08-20 16:28:52.915992: I tensorflow/core/platform/cpu_feature_guard.cc:142] Your CPU supports instructions that this TensorFlow binary was not compiled to use: AVX2 FMA
2021-08-20 16:28:52.922807: I tensorflow/core/platform/profile_utils/cpu_utils.cc:94] CPU Frequency: 2600020000 Hz
2021-08-20 16:28:52.922946: I tensorflow/compiler/xla/service/service.cc:168] XLA service 0x5287930 initialized for platform Host (this does not guarantee that XLA will be used). Devices:
2021-08-20 16:28:52.922989: I tensorflow/compiler/xla/service/service.cc:176]   StreamExecutor device (0): Host, Default Version
2021-08-20 16:28:52.924900: W tensorflow/stream_executor/platform/default/dso_loader.cc:55] Could not load dynamic library 'libcuda.so.1'; dlerror: libcuda.so.1: cannot open shared object file: No such file or directory; LD_LIBRARY_PATH: /share/software/user/open/python/3.6.1/lib:/share/software/user/open/sqlite/3.18.0/lib:/share/software/user/open/tcltk/8.6.6/lib:/share/software/user/open/libressl/2.5.3/lib:/share/software/user/open/xz/5.2.3/lib:/share/software/user/open/zlib/1.2.11/lib:/home/vossj/suncat/lib:/home/vossj/suncat/lib64::
2021-08-20 16:28:52.924954: E tensorflow/stream_executor/cuda/cuda_driver.cc:318] failed call to cuInit: UNKNOWN ERROR (303)
2021-08-20 16:28:52.924997: I tensorflow/stream_executor/cuda/cuda_diagnostics.cc:156] kernel driver does not appear to be running on this host (sh01-18n24.int): /proc/driver/nvidia/version does not exist
WARNING:tensorflow:From /home/users/eantoniu/.local/lib/python3.6/site-packages/tensorflow_core/python/util/tf_should_use.py:198: initialize_all_variables (from tensorflow.python.ops.variables) is deprecated and will be removed after 2017-03-02.
Instructions for updating:
Use `tf.global_variables_initializer` instead.
WARNING:tensorflow:From atom2vec_semi_supervise_v3_batched_2020_hyperparams.py:469: The name tf.log is deprecated. Please use tf.math.log instead.

WARNING:tensorflow:From atom2vec_semi_supervise_v3_batched_2020_hyperparams.py:489: The name tf.train.AdamOptimizer is deprecated. Please use tf.compat.v1.train.AdamOptimizer instead.

WARNING:tensorflow:From /home/users/eantoniu/.local/lib/python3.6/site-packages/tensorflow_core/python/ops/math_grad.py:1424: where (from tensorflow.python.ops.array_ops) is deprecated and will be removed in a future version.
Instructions for updating:
Use tf.where in 2.0, which has the same broadcast rule as np.where
slurmstepd: error: *** JOB 31990208 ON sh01-27n22 CANCELLED AT 2021-08-21T20:27:31 DUE TO TIME LIMIT ***
slurmstepd: error: *** JOB 31990215 ON sh02-05n15 CANCELLED AT 2021-08-21T20:27:31 DUE TO TIME LIMIT ***
slurmstepd: error: *** JOB 31990209 ON sh01-27n22 CANCELLED AT 2021-08-21T20:27:31 DUE TO TIME LIMIT ***
slurmstepd: error: *** JOB 31990222 ON sh02-04n23 CANCELLED AT 2021-08-21T20:27:31 DUE TO TIME LIMIT ***
slurmstepd: error: *** JOB 31990214 ON sh02-05n15 CANCELLED AT 2021-08-21T20:27:31 DUE TO TIME LIMIT ***
slurmstepd: error: *** JOB 31990210 ON sh01-27n22 CANCELLED AT 2021-08-21T20:27:31 DUE TO TIME LIMIT ***
slurmstepd: error: *** JOB 31990225 ON sh02-04n23 CANCELLED AT 2021-08-21T20:27:31 DUE TO TIME LIMIT ***
slurmstepd: error: *** JOB 31990223 ON sh02-04n23 CANCELLED AT 2021-08-21T20:27:31 DUE TO TIME LIMIT ***
slurmstepd: error: *** JOB 31990224 ON sh02-04n23 CANCELLED AT 2021-08-21T20:27:31 DUE TO TIME LIMIT ***
slurmstepd: error: *** JOB 31990226 ON sh02-04n23 CANCELLED AT 2021-08-21T20:27:31 DUE TO TIME LIMIT ***
slurmstepd: error: *** JOB 31990227 ON sh02-04n23 CANCELLED AT 2021-08-21T20:27:31 DUE TO TIME LIMIT ***
slurmstepd: error: *** JOB 31990211 ON sh01-28n05 CANCELLED AT 2021-08-22T04:11:03 DUE TO TIME LIMIT ***
slurmstepd: error: *** JOB 31990217 ON sh02-02n65 CANCELLED AT 2021-08-22T11:49:54 DUE TO TIME LIMIT ***
slurmstepd: error: *** JOB 31990219 ON sh02-02n41 CANCELLED AT 2021-08-22T12:13:37 DUE TO TIME LIMIT ***
slurmstepd: error: *** JOB 31990220 ON sh02-02n38 CANCELLED AT 2021-08-22T12:13:37 DUE TO TIME LIMIT ***
slurmstepd: error: *** JOB 31990213 ON sh02-09n65 CANCELLED AT 2021-08-22T13:19:39 DUE TO TIME LIMIT ***
slurmstepd: error: *** JOB 31990218 ON sh01-27n33 CANCELLED AT 2021-08-22T13:36:56 DUE TO TIME LIMIT ***
slurmstepd: error: *** JOB 31990221 ON sh02-05n71 CANCELLED AT 2021-08-22T13:38:27 DUE TO TIME LIMIT ***
slurmstepd: error: *** JOB 31990212 ON sh01-18n27 CANCELLED AT 2021-08-22T14:46:34 DUE TO TIME LIMIT ***
slurmstepd: error: *** JOB 31990216 ON sh01-18n24 CANCELLED AT 2021-08-22T16:29:05 DUE TO TIME LIMIT ***
