The following modules were not unloaded:
  (Use "module --force purge" to unload all):

  1) math   2) devel
The following modules were not unloaded:
  (Use "module --force purge" to unload all):

  1) math   2) devel
WARNING:tensorflow:From atom2vec_semi_supervise_v3_batched_2020_hyperparams.py:427: The name tf.placeholder is deprecated. Please use tf.compat.v1.placeholder instead.

WARNING:tensorflow:From atom2vec_semi_supervise_v3_batched_2020_hyperparams.py:431: The name tf.truncated_normal is deprecated. Please use tf.random.truncated_normal instead.

WARNING:tensorflow:From atom2vec_semi_supervise_v3_batched_2020_hyperparams.py:449: The name tf.InteractiveSession is deprecated. Please use tf.compat.v1.InteractiveSession instead.

2021-08-20 13:17:07.467479: I tensorflow/core/platform/cpu_feature_guard.cc:142] Your CPU supports instructions that this TensorFlow binary was not compiled to use: AVX2 FMA
2021-08-20 13:17:07.476648: I tensorflow/core/platform/profile_utils/cpu_utils.cc:94] CPU Frequency: 2394515000 Hz
2021-08-20 13:17:07.476807: I tensorflow/compiler/xla/service/service.cc:168] XLA service 0x5ca24e0 initialized for platform Host (this does not guarantee that XLA will be used). Devices:
2021-08-20 13:17:07.476848: I tensorflow/compiler/xla/service/service.cc:176]   StreamExecutor device (0): Host, Default Version
2021-08-20 13:17:07.532138: W tensorflow/stream_executor/platform/default/dso_loader.cc:55] Could not load dynamic library 'libcuda.so.1'; dlerror: libcuda.so.1: cannot open shared object file: No such file or directory; LD_LIBRARY_PATH: /share/software/user/open/python/3.6.1/lib:/share/software/user/open/sqlite/3.18.0/lib:/share/software/user/open/tcltk/8.6.6/lib:/share/software/user/open/libressl/2.5.3/lib:/share/software/user/open/xz/5.2.3/lib:/share/software/user/open/zlib/1.2.11/lib:/home/vossj/suncat/lib:/home/vossj/suncat/lib64::
2021-08-20 13:17:07.532305: E tensorflow/stream_executor/cuda/cuda_driver.cc:318] failed call to cuInit: UNKNOWN ERROR (303)
2021-08-20 13:17:07.532393: I tensorflow/stream_executor/cuda/cuda_diagnostics.cc:156] kernel driver does not appear to be running on this host (sh02-02n52.int): /proc/driver/nvidia/version does not exist
WARNING:tensorflow:From /home/users/eantoniu/.local/lib/python3.6/site-packages/tensorflow_core/python/util/tf_should_use.py:198: initialize_all_variables (from tensorflow.python.ops.variables) is deprecated and will be removed after 2017-03-02.
Instructions for updating:
Use `tf.global_variables_initializer` instead.
WARNING:tensorflow:From atom2vec_semi_supervise_v3_batched_2020_hyperparams.py:469: The name tf.log is deprecated. Please use tf.math.log instead.

WARNING:tensorflow:From atom2vec_semi_supervise_v3_batched_2020_hyperparams.py:489: The name tf.train.AdamOptimizer is deprecated. Please use tf.compat.v1.train.AdamOptimizer instead.

WARNING:tensorflow:From /home/users/eantoniu/.local/lib/python3.6/site-packages/tensorflow_core/python/ops/math_grad.py:1424: where (from tensorflow.python.ops.array_ops) is deprecated and will be removed in a future version.
Instructions for updating:
Use tf.where in 2.0, which has the same broadcast rule as np.where
WARNING:tensorflow:From atom2vec_semi_supervise_v3_batched_2020_hyperparams.py:427: The name tf.placeholder is deprecated. Please use tf.compat.v1.placeholder instead.

WARNING:tensorflow:From atom2vec_semi_supervise_v3_batched_2020_hyperparams.py:431: The name tf.truncated_normal is deprecated. Please use tf.random.truncated_normal instead.

WARNING:tensorflow:From atom2vec_semi_supervise_v3_batched_2020_hyperparams.py:449: The name tf.InteractiveSession is deprecated. Please use tf.compat.v1.InteractiveSession instead.

2021-08-20 13:17:14.502497: I tensorflow/core/platform/cpu_feature_guard.cc:142] Your CPU supports instructions that this TensorFlow binary was not compiled to use: AVX2 AVX512F FMA
2021-08-20 13:17:14.514249: I tensorflow/core/platform/profile_utils/cpu_utils.cc:94] CPU Frequency: 2300000000 Hz
2021-08-20 13:17:14.514466: I tensorflow/compiler/xla/service/service.cc:168] XLA service 0x4a5e350 initialized for platform Host (this does not guarantee that XLA will be used). Devices:
2021-08-20 13:17:14.514533: I tensorflow/compiler/xla/service/service.cc:176]   StreamExecutor device (0): Host, Default Version
2021-08-20 13:17:14.566303: W tensorflow/stream_executor/platform/default/dso_loader.cc:55] Could not load dynamic library 'libcuda.so.1'; dlerror: libcuda.so.1: cannot open shared object file: No such file or directory; LD_LIBRARY_PATH: /share/software/user/open/python/3.6.1/lib:/share/software/user/open/sqlite/3.18.0/lib:/share/software/user/open/tcltk/8.6.6/lib:/share/software/user/open/libressl/2.5.3/lib:/share/software/user/open/xz/5.2.3/lib:/share/software/user/open/zlib/1.2.11/lib:/home/vossj/suncat/lib:/home/vossj/suncat/lib64::
2021-08-20 13:17:14.566475: E tensorflow/stream_executor/cuda/cuda_driver.cc:318] failed call to cuInit: UNKNOWN ERROR (303)
2021-08-20 13:17:14.566567: I tensorflow/stream_executor/cuda/cuda_diagnostics.cc:156] kernel driver does not appear to be running on this host (sh02-10n02.int): /proc/driver/nvidia/version does not exist
WARNING:tensorflow:From /home/users/eantoniu/.local/lib/python3.6/site-packages/tensorflow_core/python/util/tf_should_use.py:198: initialize_all_variables (from tensorflow.python.ops.variables) is deprecated and will be removed after 2017-03-02.
Instructions for updating:
Use `tf.global_variables_initializer` instead.
WARNING:tensorflow:From atom2vec_semi_supervise_v3_batched_2020_hyperparams.py:469: The name tf.log is deprecated. Please use tf.math.log instead.

WARNING:tensorflow:From atom2vec_semi_supervise_v3_batched_2020_hyperparams.py:489: The name tf.train.AdamOptimizer is deprecated. Please use tf.compat.v1.train.AdamOptimizer instead.

WARNING:tensorflow:From /home/users/eantoniu/.local/lib/python3.6/site-packages/tensorflow_core/python/ops/math_grad.py:1424: where (from tensorflow.python.ops.array_ops) is deprecated and will be removed in a future version.
Instructions for updating:
Use tf.where in 2.0, which has the same broadcast rule as np.where
slurmstepd: error: *** JOB 31990762 ON sh02-02n34 CANCELLED AT 2021-08-21T20:40:12 DUE TO TIME LIMIT ***
slurmstepd: error: *** JOB 31990756 ON sh02-02n47 CANCELLED AT 2021-08-21T20:40:12 DUE TO TIME LIMIT ***
slurmstepd: error: *** JOB 31990764 ON sh02-02n68 CANCELLED AT 2021-08-22T11:41:05 DUE TO TIME LIMIT ***
slurmstepd: error: *** JOB 31990768 ON sh02-05n12 CANCELLED AT 2021-08-22T11:41:05 DUE TO TIME LIMIT ***
slurmstepd: error: *** JOB 31990772 ON sh02-02n68 CANCELLED AT 2021-08-22T11:41:05 DUE TO TIME LIMIT ***
slurmstepd: error: *** JOB 31990778 ON sh02-05n05 CANCELLED AT 2021-08-22T11:41:05 DUE TO TIME LIMIT ***
slurmstepd: error: *** JOB 31990784 ON sh02-02n67 CANCELLED AT 2021-08-22T11:41:05 DUE TO TIME LIMIT ***
slurmstepd: error: *** JOB 31990788 ON sh02-02n66 CANCELLED AT 2021-08-22T11:41:05 DUE TO TIME LIMIT ***
slurmstepd: error: *** JOB 31990790 ON sh02-02n65 CANCELLED AT 2021-08-22T11:41:05 DUE TO TIME LIMIT ***
slurmstepd: error: *** JOB 31990766 ON sh02-02n68 CANCELLED AT 2021-08-22T11:41:05 DUE TO TIME LIMIT ***
slurmstepd: error: *** JOB 31990786 ON sh02-02n67 CANCELLED AT 2021-08-22T11:41:05 DUE TO TIME LIMIT ***
slurmstepd: error: *** JOB 31990794 ON sh02-02n65 CANCELLED AT 2021-08-22T11:41:05 DUE TO TIME LIMIT ***
slurmstepd: error: *** JOB 31990770 ON sh02-02n68 CANCELLED AT 2021-08-22T11:41:05 DUE TO TIME LIMIT ***
slurmstepd: error: *** JOB 31990776 ON sh02-02n68 CANCELLED AT 2021-08-22T11:41:05 DUE TO TIME LIMIT ***
slurmstepd: error: *** JOB 31990780 ON sh02-02n68 CANCELLED AT 2021-08-22T11:41:05 DUE TO TIME LIMIT ***
slurmstepd: error: *** JOB 31990774 ON sh02-02n68 CANCELLED AT 2021-08-22T11:41:05 DUE TO TIME LIMIT ***
slurmstepd: error: *** JOB 31990782 ON sh02-02n68 CANCELLED AT 2021-08-22T11:41:05 DUE TO TIME LIMIT ***
slurmstepd: error: *** JOB 31990792 ON sh02-02n65 CANCELLED AT 2021-08-22T11:41:34 DUE TO TIME LIMIT ***
slurmstepd: error: *** JOB 31990758 ON sh02-02n52 CANCELLED AT 2021-08-22T13:17:06 DUE TO TIME LIMIT ***
slurmstepd: error: *** JOB 31990760 ON sh02-10n02 CANCELLED AT 2021-08-22T13:17:06 DUE TO TIME LIMIT ***
